#
# There is insufficient memory for the Java Runtime Environment to continue.
# Native memory allocation (malloc) failed to allocate 32744 bytes for ChunkPool::allocate
# Possible reasons:
#   The system is out of physical RAM or swap space
#   The process is running with CompressedOops enabled, and the Java Heap may be blocking the growth of the native heap
# Possible solutions:
#   Reduce memory load on the system
#   Increase physical memory or swap space
#   Check if swap backing store is full
#   Decrease Java heap size (-Xmx/-Xms)
#   Decrease number of Java threads
#   Decrease Java thread stack sizes (-Xss)
#   Set larger code cache with -XX:ReservedCodeCacheSize=
#   JVM is running with Unscaled Compressed Oops mode in which the Java heap is
#     placed in the first 4GB address space. The Java Heap base address is the
#     maximum limit for the native heap growth. Please use -XX:HeapBaseMinAddress
#     to set the Java Heap base and to place the Java Heap above 4GB virtual address.
# This output file may be truncated or incomplete.
#
#  Out of Memory Error (./open/src/hotspot/share/memory/arena.cpp:81), pid=13352, tid=13484
#
# JRE version: Java(TM) SE Runtime Environment 18.9 (11.0.11+9) (build 11.0.11+9-LTS-194)
# Java VM: Java HotSpot(TM) 64-Bit Server VM 18.9 (11.0.11+9-LTS-194, mixed mode, tiered, compressed oops, g1 gc, windows-amd64)
# No core dump will be written. Minidumps are not enabled by default on client versions of Windows
#

---------------  S U M M A R Y ------------

Command Line: C:\Temp\surefire4460945237435862487\surefirebooter6017336339649931637.jar C:\Temp\surefire4460945237435862487 2021-08-07T18-10-13_077-jvmRun1 surefire11192160105156602735tmp surefire_06583158143417898480tmp

Host: Intel(R) Core(TM)2 Quad CPU    Q6600  @ 2.40GHz, 4 cores, 5G,  Windows 10 , 64 bit Build 19041 (10.0.19041.1023)
Time: Sat Aug  7 18:10:15 2021 Russia TZ 2 Standard Time elapsed time: 1.252132 seconds (0d 0h 0m 1s)

---------------  T H R E A D  ---------------

Current thread (0x000001a9ea9b3000):  JavaThread "C2 CompilerThread0" daemon [_thread_in_native, id=13484, stack(0x0000002efe000000,0x0000002efe100000)]


Current CompileTask:
C2:   1252  558       4       java.lang.StringCoding::hasNegatives (25 bytes)

Stack: [0x0000002efe000000,0x0000002efe100000]
Native frames: (J=compiled Java code, j=interpreted, Vv=VM code, C=native code)
V  [jvm.dll+0x616f2a]
V  [jvm.dll+0x74de7f]
V  [jvm.dll+0x74f505]
V  [jvm.dll+0x74fb83]
V  [jvm.dll+0x2436d8]
V  [jvm.dll+0xbaa2b]
V  [jvm.dll+0xbad8c]
V  [jvm.dll+0x1fc8b7]
V  [jvm.dll+0x5aded5]
V  [jvm.dll+0x5acd8e]
V  [jvm.dll+0x1fcee7]
V  [jvm.dll+0x1fc22f]
V  [jvm.dll+0x17f0bc]
V  [jvm.dll+0x20b68c]
V  [jvm.dll+0x20978b]
V  [jvm.dll+0x7152c9]
V  [jvm.dll+0x70dfc4]
V  [jvm.dll+0x6160f6]
C  [ucrtbase.dll+0x21bb2]
C  [KERNEL32.DLL+0x17034]
C  [ntdll.dll+0x52651]


---------------  P R O C E S S  ---------------

Threads class SMR info:
_java_thread_list=0x000001a9eb5fd040, length=12, elements={
0x000001a9cd6ea800, 0x000001a9ea992000, 0x000001a9ea99b000, 0x000001a9eb313000,
0x000001a9ea9b0000, 0x000001a9ea9b3000, 0x000001a9ea9b6000, 0x000001a9ea9cb800,
0x000001a9eb469000, 0x000001a9eb474800, 0x000001a9eb4b5800, 0x000001a9eb697000
}

Java Threads: ( => current thread )
  0x000001a9cd6ea800 JavaThread "main" [_thread_in_vm, id=17328, stack(0x0000002efd500000,0x0000002efd600000)]
  0x000001a9ea992000 JavaThread "Reference Handler" daemon [_thread_blocked, id=13040, stack(0x0000002efdc00000,0x0000002efdd00000)]
  0x000001a9ea99b000 JavaThread "Finalizer" daemon [_thread_blocked, id=13816, stack(0x0000002efdd00000,0x0000002efde00000)]
  0x000001a9eb313000 JavaThread "Signal Dispatcher" daemon [_thread_blocked, id=9128, stack(0x0000002efde00000,0x0000002efdf00000)]
  0x000001a9ea9b0000 JavaThread "Attach Listener" daemon [_thread_blocked, id=9956, stack(0x0000002efdf00000,0x0000002efe000000)]
=>0x000001a9ea9b3000 JavaThread "C2 CompilerThread0" daemon [_thread_in_native, id=13484, stack(0x0000002efe000000,0x0000002efe100000)]
  0x000001a9ea9b6000 JavaThread "C1 CompilerThread0" daemon [_thread_in_native, id=4048, stack(0x0000002efe100000,0x0000002efe200000)]
  0x000001a9ea9cb800 JavaThread "Sweeper thread" daemon [_thread_blocked, id=2748, stack(0x0000002efe200000,0x0000002efe300000)]
  0x000001a9eb469000 JavaThread "Service Thread" daemon [_thread_blocked, id=13440, stack(0x0000002efe300000,0x0000002efe400000)]
  0x000001a9eb474800 JavaThread "Common-Cleaner" daemon [_thread_blocked, id=11724, stack(0x0000002efe500000,0x0000002efe600000)]
  0x000001a9eb4b5800 JavaThread "surefire-forkedjvm-command-thread" daemon [_thread_in_native, id=7768, stack(0x0000002efe600000,0x0000002efe700000)]
  0x000001a9eb697000 JavaThread "surefire-forkedjvm-ping-30s" daemon [_thread_in_native, id=5872, stack(0x0000002efe700000,0x0000002efe800000)]

Other Threads:
  0x000001a9ea96e000 VMThread "VM Thread" [stack: 0x0000002efdb00000,0x0000002efdc00000] [id=9744]
  0x000001a9eb472000 WatcherThread [stack: 0x0000002efe400000,0x0000002efe500000] [id=1424]
  0x000001a9cd700000 GCTaskThread "GC Thread#0" [stack: 0x0000002efd600000,0x0000002efd700000] [id=16140]
  0x000001a9cd721800 ConcurrentGCThread "G1 Main Marker" [stack: 0x0000002efd700000,0x0000002efd800000] [id=16960]
  0x000001a9cd724000 ConcurrentGCThread "G1 Conc#0" [stack: 0x0000002efd800000,0x0000002efd900000] [id=15700]
  0x000001a9cd7c4000 ConcurrentGCThread "G1 Refine#0" [stack: 0x0000002efd900000,0x0000002efda00000] [id=1344]
  0x000001a9ea7e0800 ConcurrentGCThread "G1 Young RemSet Sampling" [stack: 0x0000002efda00000,0x0000002efdb00000] [id=5048]

Threads with active compile tasks:
C2 CompilerThread0   1306  558       4       java.lang.StringCoding::hasNegatives (25 bytes)
C1 CompilerThread0   1306  562   !   3       java.net.URL::<init> (543 bytes)

VM state:not at safepoint (normal execution)

VM Mutex/Monitor currently owned by a thread: None

Heap address: 0x00000000a0000000, size: 1536 MB, Compressed Oops mode: 32-bit
Narrow klass base: 0x0000000000000000, Narrow klass shift: 3
Compressed class space size: 1073741824 Address: 0x0000000100000000

Heap:
 garbage-first heap   total 98304K, used 9216K [0x00000000a0000000, 0x0000000100000000)
  region size 1024K, 10 young (10240K), 0 survivors (0K)
 Metaspace       used 9461K, capacity 9603K, committed 9728K, reserved 1058816K
  class space    used 852K, capacity 908K, committed 1024K, reserved 1048576K
Heap Regions: E=young(eden), S=young(survivor), O=old, HS=humongous(starts), HC=humongous(continues), CS=collection set, F=free, A=archive, TAMS=top-at-mark-start (previous, next)
|   0|0x00000000a0000000, 0x00000000a0000000, 0x00000000a0100000|  0%| F|  |TAMS 0x00000000a0000000, 0x00000000a0000000| Untracked 
|   1|0x00000000a0100000, 0x00000000a0100000, 0x00000000a0200000|  0%| F|  |TAMS 0x00000000a0100000, 0x00000000a0100000| Untracked 
|   2|0x00000000a0200000, 0x00000000a0200000, 0x00000000a0300000|  0%| F|  |TAMS 0x00000000a0200000, 0x00000000a0200000| Untracked 
|   3|0x00000000a0300000, 0x00000000a0300000, 0x00000000a0400000|  0%| F|  |TAMS 0x00000000a0300000, 0x00000000a0300000| Untracked 
|   4|0x00000000a0400000, 0x00000000a0400000, 0x00000000a0500000|  0%| F|  |TAMS 0x00000000a0400000, 0x00000000a0400000| Untracked 
|   5|0x00000000a0500000, 0x00000000a0500000, 0x00000000a0600000|  0%| F|  |TAMS 0x00000000a0500000, 0x00000000a0500000| Untracked 
|   6|0x00000000a0600000, 0x00000000a0600000, 0x00000000a0700000|  0%| F|  |TAMS 0x00000000a0600000, 0x00000000a0600000| Untracked 
|   7|0x00000000a0700000, 0x00000000a0700000, 0x00000000a0800000|  0%| F|  |TAMS 0x00000000a0700000, 0x00000000a0700000| Untracked 
|   8|0x00000000a0800000, 0x00000000a0800000, 0x00000000a0900000|  0%| F|  |TAMS 0x00000000a0800000, 0x00000000a0800000| Untracked 
|   9|0x00000000a0900000, 0x00000000a0900000, 0x00000000a0a00000|  0%| F|  |TAMS 0x00000000a0900000, 0x00000000a0900000| Untracked 
|  10|0x00000000a0a00000, 0x00000000a0a00000, 0x00000000a0b00000|  0%| F|  |TAMS 0x00000000a0a00000, 0x00000000a0a00000| Untracked 
|  11|0x00000000a0b00000, 0x00000000a0b00000, 0x00000000a0c00000|  0%| F|  |TAMS 0x00000000a0b00000, 0x00000000a0b00000| Untracked 
|  12|0x00000000a0c00000, 0x00000000a0c00000, 0x00000000a0d00000|  0%| F|  |TAMS 0x00000000a0c00000, 0x00000000a0c00000| Untracked 
|  13|0x00000000a0d00000, 0x00000000a0d00000, 0x00000000a0e00000|  0%| F|  |TAMS 0x00000000a0d00000, 0x00000000a0d00000| Untracked 
|  14|0x00000000a0e00000, 0x00000000a0e00000, 0x00000000a0f00000|  0%| F|  |TAMS 0x00000000a0e00000, 0x00000000a0e00000| Untracked 
|  15|0x00000000a0f00000, 0x00000000a0f00000, 0x00000000a1000000|  0%| F|  |TAMS 0x00000000a0f00000, 0x00000000a0f00000| Untracked 
|  16|0x00000000a1000000, 0x00000000a1000000, 0x00000000a1100000|  0%| F|  |TAMS 0x00000000a1000000, 0x00000000a1000000| Untracked 
|  17|0x00000000a1100000, 0x00000000a1100000, 0x00000000a1200000|  0%| F|  |TAMS 0x00000000a1100000, 0x00000000a1100000| Untracked 
|  18|0x00000000a1200000, 0x00000000a1200000, 0x00000000a1300000|  0%| F|  |TAMS 0x00000000a1200000, 0x00000000a1200000| Untracked 
|  19|0x00000000a1300000, 0x00000000a1300000, 0x00000000a1400000|  0%| F|  |TAMS 0x00000000a1300000, 0x00000000a1300000| Untracked 
|  20|0x00000000a1400000, 0x00000000a1400000, 0x00000000a1500000|  0%| F|  |TAMS 0x00000000a1400000, 0x00000000a1400000| Untracked 
|  21|0x00000000a1500000, 0x00000000a1500000, 0x00000000a1600000|  0%| F|  |TAMS 0x00000000a1500000, 0x00000000a1500000| Untracked 
|  22|0x00000000a1600000, 0x00000000a1600000, 0x00000000a1700000|  0%| F|  |TAMS 0x00000000a1600000, 0x00000000a1600000| Untracked 
|  23|0x00000000a1700000, 0x00000000a1700000, 0x00000000a1800000|  0%| F|  |TAMS 0x00000000a1700000, 0x00000000a1700000| Untracked 
|  24|0x00000000a1800000, 0x00000000a1800000, 0x00000000a1900000|  0%| F|  |TAMS 0x00000000a1800000, 0x00000000a1800000| Untracked 
|  25|0x00000000a1900000, 0x00000000a1900000, 0x00000000a1a00000|  0%| F|  |TAMS 0x00000000a1900000, 0x00000000a1900000| Untracked 
|  26|0x00000000a1a00000, 0x00000000a1a00000, 0x00000000a1b00000|  0%| F|  |TAMS 0x00000000a1a00000, 0x00000000a1a00000| Untracked 
|  27|0x00000000a1b00000, 0x00000000a1b00000, 0x00000000a1c00000|  0%| F|  |TAMS 0x00000000a1b00000, 0x00000000a1b00000| Untracked 
|  28|0x00000000a1c00000, 0x00000000a1c00000, 0x00000000a1d00000|  0%| F|  |TAMS 0x00000000a1c00000, 0x00000000a1c00000| Untracked 
|  29|0x00000000a1d00000, 0x00000000a1d00000, 0x00000000a1e00000|  0%| F|  |TAMS 0x00000000a1d00000, 0x00000000a1d00000| Untracked 
|  30|0x00000000a1e00000, 0x00000000a1e00000, 0x00000000a1f00000|  0%| F|  |TAMS 0x00000000a1e00000, 0x00000000a1e00000| Untracked 
|  31|0x00000000a1f00000, 0x00000000a1f00000, 0x00000000a2000000|  0%| F|  |TAMS 0x00000000a1f00000, 0x00000000a1f00000| Untracked 
|  32|0x00000000a2000000, 0x00000000a2000000, 0x00000000a2100000|  0%| F|  |TAMS 0x00000000a2000000, 0x00000000a2000000| Untracked 
|  33|0x00000000a2100000, 0x00000000a2100000, 0x00000000a2200000|  0%| F|  |TAMS 0x00000000a2100000, 0x00000000a2100000| Untracked 
|  34|0x00000000a2200000, 0x00000000a2200000, 0x00000000a2300000|  0%| F|  |TAMS 0x00000000a2200000, 0x00000000a2200000| Untracked 
|  35|0x00000000a2300000, 0x00000000a2300000, 0x00000000a2400000|  0%| F|  |TAMS 0x00000000a2300000, 0x00000000a2300000| Untracked 
|  36|0x00000000a2400000, 0x00000000a2400000, 0x00000000a2500000|  0%| F|  |TAMS 0x00000000a2400000, 0x00000000a2400000| Untracked 
|  37|0x00000000a2500000, 0x00000000a2500000, 0x00000000a2600000|  0%| F|  |TAMS 0x00000000a2500000, 0x00000000a2500000| Untracked 
|  38|0x00000000a2600000, 0x00000000a2600000, 0x00000000a2700000|  0%| F|  |TAMS 0x00000000a2600000, 0x00000000a2600000| Untracked 
|  39|0x00000000a2700000, 0x00000000a2700000, 0x00000000a2800000|  0%| F|  |TAMS 0x00000000a2700000, 0x00000000a2700000| Untracked 
|  40|0x00000000a2800000, 0x00000000a2800000, 0x00000000a2900000|  0%| F|  |TAMS 0x00000000a2800000, 0x00000000a2800000| Untracked 
|  41|0x00000000a2900000, 0x00000000a2900000, 0x00000000a2a00000|  0%| F|  |TAMS 0x00000000a2900000, 0x00000000a2900000| Untracked 
|  42|0x00000000a2a00000, 0x00000000a2a00000, 0x00000000a2b00000|  0%| F|  |TAMS 0x00000000a2a00000, 0x00000000a2a00000| Untracked 
|  43|0x00000000a2b00000, 0x00000000a2b00000, 0x00000000a2c00000|  0%| F|  |TAMS 0x00000000a2b00000, 0x00000000a2b00000| Untracked 
|  44|0x00000000a2c00000, 0x00000000a2c00000, 0x00000000a2d00000|  0%| F|  |TAMS 0x00000000a2c00000, 0x00000000a2c00000| Untracked 
|  45|0x00000000a2d00000, 0x00000000a2d00000, 0x00000000a2e00000|  0%| F|  |TAMS 0x00000000a2d00000, 0x00000000a2d00000| Untracked 
|  46|0x00000000a2e00000, 0x00000000a2e00000, 0x00000000a2f00000|  0%| F|  |TAMS 0x00000000a2e00000, 0x00000000a2e00000| Untracked 
|  47|0x00000000a2f00000, 0x00000000a2f00000, 0x00000000a3000000|  0%| F|  |TAMS 0x00000000a2f00000, 0x00000000a2f00000| Untracked 
|  48|0x00000000a3000000, 0x00000000a3000000, 0x00000000a3100000|  0%| F|  |TAMS 0x00000000a3000000, 0x00000000a3000000| Untracked 
|  49|0x00000000a3100000, 0x00000000a3100000, 0x00000000a3200000|  0%| F|  |TAMS 0x00000000a3100000, 0x00000000a3100000| Untracked 
|  50|0x00000000a3200000, 0x00000000a3200000, 0x00000000a3300000|  0%| F|  |TAMS 0x00000000a3200000, 0x00000000a3200000| Untracked 
|  51|0x00000000a3300000, 0x00000000a3300000, 0x00000000a3400000|  0%| F|  |TAMS 0x00000000a3300000, 0x00000000a3300000| Untracked 
|  52|0x00000000a3400000, 0x00000000a3400000, 0x00000000a3500000|  0%| F|  |TAMS 0x00000000a3400000, 0x00000000a3400000| Untracked 
|  53|0x00000000a3500000, 0x00000000a3500000, 0x00000000a3600000|  0%| F|  |TAMS 0x00000000a3500000, 0x00000000a3500000| Untracked 
|  54|0x00000000a3600000, 0x00000000a3600000, 0x00000000a3700000|  0%| F|  |TAMS 0x00000000a3600000, 0x00000000a3600000| Untracked 
|  55|0x00000000a3700000, 0x00000000a3700000, 0x00000000a3800000|  0%| F|  |TAMS 0x00000000a3700000, 0x00000000a3700000| Untracked 
|  56|0x00000000a3800000, 0x00000000a3800000, 0x00000000a3900000|  0%| F|  |TAMS 0x00000000a3800000, 0x00000000a3800000| Untracked 
|  57|0x00000000a3900000, 0x00000000a3900000, 0x00000000a3a00000|  0%| F|  |TAMS 0x00000000a3900000, 0x00000000a3900000| Untracked 
|  58|0x00000000a3a00000, 0x00000000a3a00000, 0x00000000a3b00000|  0%| F|  |TAMS 0x00000000a3a00000, 0x00000000a3a00000| Untracked 
|  59|0x00000000a3b00000, 0x00000000a3b00000, 0x00000000a3c00000|  0%| F|  |TAMS 0x00000000a3b00000, 0x00000000a3b00000| Untracked 
|  60|0x00000000a3c00000, 0x00000000a3c00000, 0x00000000a3d00000|  0%| F|  |TAMS 0x00000000a3c00000, 0x00000000a3c00000| Untracked 
|  61|0x00000000a3d00000, 0x00000000a3d00000, 0x00000000a3e00000|  0%| F|  |TAMS 0x00000000a3d00000, 0x00000000a3d00000| Untracked 
|  62|0x00000000a3e00000, 0x00000000a3e00000, 0x00000000a3f00000|  0%| F|  |TAMS 0x00000000a3e00000, 0x00000000a3e00000| Untracked 
|  63|0x00000000a3f00000, 0x00000000a3f00000, 0x00000000a4000000|  0%| F|  |TAMS 0x00000000a3f00000, 0x00000000a3f00000| Untracked 
|  64|0x00000000a4000000, 0x00000000a4000000, 0x00000000a4100000|  0%| F|  |TAMS 0x00000000a4000000, 0x00000000a4000000| Untracked 
|  65|0x00000000a4100000, 0x00000000a4100000, 0x00000000a4200000|  0%| F|  |TAMS 0x00000000a4100000, 0x00000000a4100000| Untracked 
|  66|0x00000000a4200000, 0x00000000a4200000, 0x00000000a4300000|  0%| F|  |TAMS 0x00000000a4200000, 0x00000000a4200000| Untracked 
|  67|0x00000000a4300000, 0x00000000a4300000, 0x00000000a4400000|  0%| F|  |TAMS 0x00000000a4300000, 0x00000000a4300000| Untracked 
|  68|0x00000000a4400000, 0x00000000a4400000, 0x00000000a4500000|  0%| F|  |TAMS 0x00000000a4400000, 0x00000000a4400000| Untracked 
|  69|0x00000000a4500000, 0x00000000a4500000, 0x00000000a4600000|  0%| F|  |TAMS 0x00000000a4500000, 0x00000000a4500000| Untracked 
|  70|0x00000000a4600000, 0x00000000a4600000, 0x00000000a4700000|  0%| F|  |TAMS 0x00000000a4600000, 0x00000000a4600000| Untracked 
|  71|0x00000000a4700000, 0x00000000a4700000, 0x00000000a4800000|  0%| F|  |TAMS 0x00000000a4700000, 0x00000000a4700000| Untracked 
|  72|0x00000000a4800000, 0x00000000a4800000, 0x00000000a4900000|  0%| F|  |TAMS 0x00000000a4800000, 0x00000000a4800000| Untracked 
|  73|0x00000000a4900000, 0x00000000a4900000, 0x00000000a4a00000|  0%| F|  |TAMS 0x00000000a4900000, 0x00000000a4900000| Untracked 
|  74|0x00000000a4a00000, 0x00000000a4a00000, 0x00000000a4b00000|  0%| F|  |TAMS 0x00000000a4a00000, 0x00000000a4a00000| Untracked 
|  75|0x00000000a4b00000, 0x00000000a4b00000, 0x00000000a4c00000|  0%| F|  |TAMS 0x00000000a4b00000, 0x00000000a4b00000| Untracked 
|  76|0x00000000a4c00000, 0x00000000a4c00000, 0x00000000a4d00000|  0%| F|  |TAMS 0x00000000a4c00000, 0x00000000a4c00000| Untracked 
|  77|0x00000000a4d00000, 0x00000000a4d00000, 0x00000000a4e00000|  0%| F|  |TAMS 0x00000000a4d00000, 0x00000000a4d00000| Untracked 
|  78|0x00000000a4e00000, 0x00000000a4e00000, 0x00000000a4f00000|  0%| F|  |TAMS 0x00000000a4e00000, 0x00000000a4e00000| Untracked 
|  79|0x00000000a4f00000, 0x00000000a4f00000, 0x00000000a5000000|  0%| F|  |TAMS 0x00000000a4f00000, 0x00000000a4f00000| Untracked 
|  80|0x00000000a5000000, 0x00000000a5000000, 0x00000000a5100000|  0%| F|  |TAMS 0x00000000a5000000, 0x00000000a5000000| Untracked 
|  81|0x00000000a5100000, 0x00000000a5100000, 0x00000000a5200000|  0%| F|  |TAMS 0x00000000a5100000, 0x00000000a5100000| Untracked 
|  82|0x00000000a5200000, 0x00000000a5200000, 0x00000000a5300000|  0%| F|  |TAMS 0x00000000a5200000, 0x00000000a5200000| Untracked 
|  83|0x00000000a5300000, 0x00000000a5300000, 0x00000000a5400000|  0%| F|  |TAMS 0x00000000a5300000, 0x00000000a5300000| Untracked 
|  84|0x00000000a5400000, 0x00000000a5400000, 0x00000000a5500000|  0%| F|  |TAMS 0x00000000a5400000, 0x00000000a5400000| Untracked 
|  85|0x00000000a5500000, 0x00000000a5500000, 0x00000000a5600000|  0%| F|  |TAMS 0x00000000a5500000, 0x00000000a5500000| Untracked 
|  86|0x00000000a5600000, 0x00000000a56901e8, 0x00000000a5700000| 56%| E|  |TAMS 0x00000000a5600000, 0x00000000a5600000| Complete 
|  87|0x00000000a5700000, 0x00000000a5800000, 0x00000000a5800000|100%| E|CS|TAMS 0x00000000a5700000, 0x00000000a5700000| Complete 
|  88|0x00000000a5800000, 0x00000000a5900000, 0x00000000a5900000|100%| E|CS|TAMS 0x00000000a5800000, 0x00000000a5800000| Complete 
|  89|0x00000000a5900000, 0x00000000a5a00000, 0x00000000a5a00000|100%| E|CS|TAMS 0x00000000a5900000, 0x00000000a5900000| Complete 
|  90|0x00000000a5a00000, 0x00000000a5b00000, 0x00000000a5b00000|100%| E|CS|TAMS 0x00000000a5a00000, 0x00000000a5a00000| Complete 
|  91|0x00000000a5b00000, 0x00000000a5c00000, 0x00000000a5c00000|100%| E|CS|TAMS 0x00000000a5b00000, 0x00000000a5b00000| Complete 
|  92|0x00000000a5c00000, 0x00000000a5d00000, 0x00000000a5d00000|100%| E|CS|TAMS 0x00000000a5c00000, 0x00000000a5c00000| Complete 
|  93|0x00000000a5d00000, 0x00000000a5e00000, 0x00000000a5e00000|100%| E|CS|TAMS 0x00000000a5d00000, 0x00000000a5d00000| Complete 
|  94|0x00000000a5e00000, 0x00000000a5f00000, 0x00000000a5f00000|100%| E|CS|TAMS 0x00000000a5e00000, 0x00000000a5e00000| Complete 
|  95|0x00000000a5f00000, 0x00000000a6000000, 0x00000000a6000000|100%| E|CS|TAMS 0x00000000a5f00000, 0x00000000a5f00000| Complete 

Card table byte_map: [0x000001a9e4ea0000,0x000001a9e51a0000] _byte_map_base: 0x000001a9e49a0000

Marking Bits (Prev, Next): (CMBitMap*) 0x000001a9cd71ab58, (CMBitMap*) 0x000001a9cd71ab90
 Prev Bits: [0x000001a9e54a0000, 0x000001a9e6ca0000)
 Next Bits: [0x000001a9e6ca0000, 0x000001a9e84a0000)

Polling page: 0x000001a9cb6c0000

Metaspace:

Usage:
  Non-class:      8.49 MB capacity,     8.41 MB (>99%) used,    75.30 KB ( <1%) free+waste,    10.75 KB ( <1%) overhead. 
      Class:    908.00 KB capacity,   852.91 KB ( 94%) used,    49.97 KB (  6%) free+waste,     5.13 KB ( <1%) overhead. 
       Both:      9.38 MB capacity,     9.24 MB ( 99%) used,   125.27 KB (  1%) free+waste,    15.88 KB ( <1%) overhead. 

Virtual space:
  Non-class space:       10.00 MB reserved,       8.50 MB ( 85%) committed 
      Class space:        1.00 GB reserved,       1.00 MB ( <1%) committed 
             Both:        1.01 GB reserved,       9.50 MB ( <1%) committed 

Chunk freelists:
   Non-Class:  1.13 KB
       Class:  2.50 KB
        Both:  3.63 KB

CodeHeap 'non-profiled nmethods': size=120064Kb used=152Kb max_used=152Kb free=119911Kb
 bounds [0x000001a9dd660000, 0x000001a9dd8d0000, 0x000001a9e4ba0000]
CodeHeap 'profiled nmethods': size=120000Kb used=849Kb max_used=849Kb free=119150Kb
 bounds [0x000001a9d6130000, 0x000001a9d63a0000, 0x000001a9dd660000]
CodeHeap 'non-nmethods': size=5696Kb used=1066Kb max_used=1078Kb free=4629Kb
 bounds [0x000001a9d5ba0000, 0x000001a9d5e10000, 0x000001a9d6130000]
 total_blobs=933 nmethods=559 adapters=287
 compilation: enabled
              stopped_count=0, restarted_count=0
 full_count=0

Compilation events (10 events):
Event: 1.229 Thread 0x000001a9ea9b3000  556       4       java.lang.StringUTF16::compress (50 bytes)
Event: 1.234 Thread 0x000001a9ea9b6000  557       3       sun.net.util.IPAddressUtil::scan (92 bytes)
Event: 1.236 Thread 0x000001a9ea9b6000 nmethod 557 0x000001a9d6202690 code [0x000001a9d6202900, 0x000001a9d6203438]
Event: 1.236 Thread 0x000001a9ea9b6000  559       3       java.util.LinkedHashMap::get (33 bytes)
Event: 1.237 Thread 0x000001a9ea9b6000 nmethod 559 0x000001a9d6203a10 code [0x000001a9d6203be0, 0x000001a9d6204008]
Event: 1.237 Thread 0x000001a9ea9b6000  560       3       java.nio.Buffer::hasRemaining (17 bytes)
Event: 1.237 Thread 0x000001a9ea9b6000 nmethod 560 0x000001a9d6204190 code [0x000001a9d6204320, 0x000001a9d6204478]
Event: 1.238 Thread 0x000001a9ea9b6000  562   !   3       java.net.URL::<init> (543 bytes)
Event: 1.244 Thread 0x000001a9ea9b3000 nmethod 556 0x000001a9dd685a90 code [0x000001a9dd685c20, 0x000001a9dd685f58]
Event: 1.244 Thread 0x000001a9ea9b3000  558       4       java.lang.StringCoding::hasNegatives (25 bytes)

GC Heap History (0 events):
No events

Deoptimization events (5 events):
Event: 0.216 Thread 0x000001a9cd6ea800 Uncommon trap: reason=unstable_if action=reinterpret pc=0x000001a9dd6643a0 method=java.lang.String.hashCode()I @ 14 c2
Event: 0.611 Thread 0x000001a9cd6ea800 Uncommon trap: reason=unstable_if action=reinterpret pc=0x000001a9dd668ffc method=java.lang.StringLatin1.canEncode(I)Z @ 4 c2
Event: 0.612 Thread 0x000001a9cd6ea800 Uncommon trap: reason=unstable_if action=reinterpret pc=0x000001a9dd66a7f8 method=java.lang.AbstractStringBuilder.isLatin1()Z @ 10 c2
Event: 0.615 Thread 0x000001a9cd6ea800 Uncommon trap: reason=unstable_if action=reinterpret pc=0x000001a9dd664e90 method=java.lang.String.isLatin1()Z @ 10 c2
Event: 0.778 Thread 0x000001a9eb697000 Uncommon trap: reason=unstable_if action=reinterpret pc=0x000001a9dd6658f8 method=java.lang.String.isLatin1()Z @ 10 c2

Classes redefined (0 events):
No events

Internal exceptions (7 events):
Event: 0.453 Thread 0x000001a9cd6ea800 Exception <a 'java/lang/NoSuchMethodError'{0x00000000a5c00f88}: java.lang.invoke.DirectMethodHandle$Holder.invokeStaticInit(Ljava/lang/Object;Ljava/lang/Object;Ljava/lang/Object;)Ljava/lang/Object;> (0x00000000a5c00f88) thrown at [./open/src/hotspot/share
Event: 0.695 Thread 0x000001a9eb697000 Exception <a 'java/lang/NoSuchMethodError'{0x00000000a5bc95f0}: java.lang.invoke.DirectMethodHandle$Holder.invokeStatic(Ljava/lang/Object;J)V> (0x00000000a5bc95f0) thrown at [./open/src/hotspot/share/interpreter/linkResolver.cpp, line 772]
Event: 0.697 Thread 0x000001a9eb697000 Exception <a 'java/lang/NoSuchMethodError'{0x00000000a5bce590}: java.lang.invoke.DirectMethodHandle$Holder.invokeStatic(Ljava/lang/Object;J)Ljava/lang/Object;> (0x00000000a5bce590) thrown at [./open/src/hotspot/share/interpreter/linkResolver.cpp, line 772
Event: 0.702 Thread 0x000001a9eb697000 Exception <a 'java/lang/NoSuchMethodError'{0x00000000a5a52210}: java.lang.invoke.DirectMethodHandle$Holder.invokeStaticInit(Ljava/lang/Object;Ljava/lang/Object;JLjava/lang/Object;)Ljava/lang/Object;> (0x00000000a5a52210) thrown at [./open/src/hotspot/shar
Event: 0.705 Thread 0x000001a9eb697000 Exception <a 'java/lang/NoSuchMethodError'{0x00000000a5a58130}: java.lang.invoke.DirectMethodHandle$Holder.invokeStatic(Ljava/lang/Object;Ljava/lang/Object;J)Ljava/lang/Object;> (0x00000000a5a58130) thrown at [./open/src/hotspot/share/interpreter/linkReso
Event: 0.707 Thread 0x000001a9eb697000 Exception <a 'java/lang/NoSuchMethodError'{0x00000000a5a5e400}: java.lang.invoke.Invokers$Holder.linkToTargetMethod(Ljava/lang/Object;JLjava/lang/Object;)Ljava/lang/Object;> (0x00000000a5a5e400) thrown at [./open/src/hotspot/share/interpreter/linkResolver
Event: 0.725 Thread 0x000001a9eb697000 Exception <a 'java/lang/NoSuchMethodError'{0x00000000a5a76178}: java.lang.invoke.DirectMethodHandle$Holder.invokeSpecialIFC(Ljava/lang/Object;Ljava/lang/Object;I)I> (0x00000000a5a76178) thrown at [./open/src/hotspot/share/interpreter/linkResolver.cpp, lin

Events (10 events):
Event: 1.228 loading class org/testng/TestNGException
Event: 1.228 loading class org/testng/TestNGException done
Event: 1.234 loading class org/testng/xml/IPostProcessor
Event: 1.234 loading class org/testng/xml/IPostProcessor done
Event: 1.235 Thread 0x000001a9cd6ea800 DEOPT PACKING pc=0x000001a9d61580d0 sp=0x0000002efd5fc210
Event: 1.235 Thread 0x000001a9cd6ea800 DEOPT UNPACKING pc=0x000001a9d5bc643f sp=0x0000002efd5fb698 mode 0
Event: 1.237 loading class org/testng/IDynamicGraph
Event: 1.237 loading class org/testng/IDynamicGraph done
Event: 1.240 loading class org/testng/thread/IThreadWorkerFactory
Event: 1.240 loading class org/testng/thread/IThreadWorkerFactory done


Dynamic libraries:
0x00007ff6d7d50000 - 0x00007ff6d7d5f000 	C:\Program Files\Java\jdk-11.0.11\bin\java.exe
0x00007ffe23150000 - 0x00007ffe23345000 	C:\WINDOWS\SYSTEM32\ntdll.dll
0x00007ffe21c40000 - 0x00007ffe21cfd000 	C:\WINDOWS\System32\KERNEL32.DLL
0x00007ffe20a80000 - 0x00007ffe20d49000 	C:\WINDOWS\System32\KERNELBASE.dll
0x00007ffe20f70000 - 0x00007ffe21070000 	C:\WINDOWS\System32\ucrtbase.dll
0x00007ffe1b850000 - 0x00007ffe1b868000 	C:\Program Files\Java\jdk-11.0.11\bin\jli.dll
0x00007ffe225f0000 - 0x00007ffe2269c000 	C:\WINDOWS\System32\ADVAPI32.dll
0x00007ffe21fa0000 - 0x00007ffe2203e000 	C:\WINDOWS\System32\msvcrt.dll
0x00007ffe211c0000 - 0x00007ffe2125b000 	C:\WINDOWS\System32\sechost.dll
0x00007ffe1b9d0000 - 0x00007ffe1b9e5000 	C:\Program Files\Java\jdk-11.0.11\bin\VCRUNTIME140.dll
0x00007ffe224c0000 - 0x00007ffe225ea000 	C:\WINDOWS\System32\RPCRT4.dll
0x00007ffe21e00000 - 0x00007ffe21fa0000 	C:\WINDOWS\System32\USER32.dll
0x00007ffe20d50000 - 0x00007ffe20d72000 	C:\WINDOWS\System32\win32u.dll
0x00007ffe227a0000 - 0x00007ffe227ca000 	C:\WINDOWS\System32\GDI32.dll
0x00007ffe0f320000 - 0x00007ffe0f5ba000 	C:\WINDOWS\WinSxS\amd64_microsoft.windows.common-controls_6595b64144ccf1df_6.0.19041.1110_none_60b5254171f9507e\COMCTL32.dll
0x00007ffe20e60000 - 0x00007ffe20f6b000 	C:\WINDOWS\System32\gdi32full.dll
0x00007ffe21070000 - 0x00007ffe2110d000 	C:\WINDOWS\System32\msvcp_win.dll
0x00007ffe188a0000 - 0x00007ffe188aa000 	C:\WINDOWS\SYSTEM32\VERSION.dll
0x00007ffe226a0000 - 0x00007ffe226d0000 	C:\WINDOWS\System32\IMM32.DLL
0x00007ffe008d0000 - 0x00007ffe0096b000 	C:\Program Files\Java\jdk-11.0.11\bin\msvcp140.dll
0x00007ffdf65c0000 - 0x00007ffdf70be000 	C:\Program Files\Java\jdk-11.0.11\bin\server\jvm.dll
0x00007ffe23100000 - 0x00007ffe23108000 	C:\WINDOWS\System32\PSAPI.DLL
0x00007ffe067a0000 - 0x00007ffe067a9000 	C:\WINDOWS\SYSTEM32\WSOCK32.dll
0x00007ffe17180000 - 0x00007ffe171a7000 	C:\WINDOWS\SYSTEM32\WINMM.dll
0x00007ffe22730000 - 0x00007ffe2279b000 	C:\WINDOWS\System32\WS2_32.dll
0x00007ffe1e7e0000 - 0x00007ffe1e7f2000 	C:\WINDOWS\SYSTEM32\kernel.appcore.dll
0x00007ffe1e080000 - 0x00007ffe1e090000 	C:\Program Files\Java\jdk-11.0.11\bin\verify.dll
0x00007ffe14140000 - 0x00007ffe14324000 	C:\WINDOWS\SYSTEM32\DBGHELP.DLL
0x00007ffe13f90000 - 0x00007ffe13fbc000 	C:\WINDOWS\SYSTEM32\dbgcore.DLL
0x00007ffe209f0000 - 0x00007ffe20a73000 	C:\WINDOWS\System32\bcryptPrimitives.dll
0x00007ffe131c0000 - 0x00007ffe131e8000 	C:\Program Files\Java\jdk-11.0.11\bin\java.dll
0x00007ffe1b9c0000 - 0x00007ffe1b9ca000 	C:\Program Files\Java\jdk-11.0.11\bin\jimage.dll
0x00007ffe1a940000 - 0x00007ffe1a956000 	C:\Program Files\Java\jdk-11.0.11\bin\zip.dll
0x00007ffe227d0000 - 0x00007ffe22f0f000 	C:\WINDOWS\System32\SHELL32.dll
0x00007ffe1e9e0000 - 0x00007ffe1f171000 	C:\WINDOWS\SYSTEM32\windows.storage.dll
0x00007ffe217b0000 - 0x00007ffe21b05000 	C:\WINDOWS\System32\combase.dll
0x00007ffe20230000 - 0x00007ffe2025c000 	C:\WINDOWS\SYSTEM32\Wldp.dll
0x00007ffe213c0000 - 0x00007ffe2146e000 	C:\WINDOWS\System32\SHCORE.dll
0x00007ffe21470000 - 0x00007ffe214c5000 	C:\WINDOWS\System32\shlwapi.dll
0x00007ffe207d0000 - 0x00007ffe207ef000 	C:\WINDOWS\SYSTEM32\profapi.dll
0x00007ffe19bc0000 - 0x00007ffe19bd9000 	C:\Program Files\Java\jdk-11.0.11\bin\net.dll
0x00007ffe185a0000 - 0x00007ffe186aa000 	C:\WINDOWS\SYSTEM32\WINHTTP.dll
0x00007ffe1ff90000 - 0x00007ffe1fffa000 	C:\WINDOWS\system32\mswsock.dll
0x00007ffe113b0000 - 0x00007ffe113c2000 	C:\Program Files\Java\jdk-11.0.11\bin\nio.dll
0x00007ffe19ae0000 - 0x00007ffe19ae9000 	C:\Program Files\Java\jdk-11.0.11\bin\management.dll
0x00007ffe13920000 - 0x00007ffe1392b000 	C:\Program Files\Java\jdk-11.0.11\bin\management_ext.dll

dbghelp: loaded successfully - version: 4.0.5 - missing functions: none
symbol engine: initialized successfully - sym options: 0x614 - pdb path: .;C:\Program Files\Java\jdk-11.0.11\bin;C:\WINDOWS\SYSTEM32;C:\WINDOWS\WinSxS\amd64_microsoft.windows.common-controls_6595b64144ccf1df_6.0.19041.1110_none_60b5254171f9507e;C:\Program Files\Java\jdk-11.0.11\bin\server

VM Arguments:
java_command: C:\Temp\surefire4460945237435862487\surefirebooter6017336339649931637.jar C:\Temp\surefire4460945237435862487 2021-08-07T18-10-13_077-jvmRun1 surefire11192160105156602735tmp surefire_06583158143417898480tmp
java_class_path (initial): C:\Temp\surefire4460945237435862487\surefirebooter6017336339649931637.jar
Launcher Type: SUN_STANDARD

[Global flags]
     intx CICompilerCount                          = 3                                         {product} {ergonomic}
     uint ConcGCThreads                            = 1                                         {product} {ergonomic}
     uint G1ConcRefinementThreads                  = 4                                         {product} {ergonomic}
   size_t G1HeapRegionSize                         = 1048576                                   {product} {ergonomic}
    uintx GCDrainStackTargetSize                   = 64                                        {product} {ergonomic}
   size_t InitialHeapSize                          = 100663296                                 {product} {ergonomic}
   size_t MarkStackSize                            = 4194304                                   {product} {ergonomic}
   size_t MaxHeapSize                              = 1610612736                                {product} {ergonomic}
   size_t MaxNewSize                               = 965738496                                 {product} {ergonomic}
   size_t MinHeapDeltaBytes                        = 1048576                                   {product} {ergonomic}
    uintx NonNMethodCodeHeapSize                   = 5830732                                {pd product} {ergonomic}
    uintx NonProfiledCodeHeapSize                  = 122913754                              {pd product} {ergonomic}
    uintx ProfiledCodeHeapSize                     = 122913754                              {pd product} {ergonomic}
    uintx ReservedCodeCacheSize                    = 251658240                              {pd product} {ergonomic}
     bool SegmentedCodeCache                       = true                                      {product} {ergonomic}
     bool UseCompressedClassPointers               = true                                 {lp64_product} {ergonomic}
     bool UseCompressedOops                        = true                                 {lp64_product} {ergonomic}
     bool UseG1GC                                  = true                                      {product} {ergonomic}
     bool UseLargePagesIndividualAllocation        = false                                  {pd product} {ergonomic}

Logging:
Log output configuration:
 #0: stdout all=warning uptime,level,tags
 #1: stderr all=off uptime,level,tags

Environment Variables:
JAVA_HOME=C:\Program Files\Java\jdk-11.0.11
PATH=C:\Python39\Scripts\;C:\Python39\;C:\Program Files\Java\jdk-11.0.11\bin;C:\Program Files\Common Files\Oracle\Java\javapath;C:\Program Files (x86)\Common Files\Oracle\Java\javapath;C:\WINDOWS\system32;C:\WINDOWS;C:\WINDOWS\System32\Wbem;C:\WINDOWS\System32\WindowsPowerShell\v1.0\;C:\WINDOWS\System32\OpenSSH\;%M2_HOME%\bin;C:\apache-maven-3.6.3\bin;C:\Program Files\Git\cmd;C:\Program Files\PostgreSQL\13\bin;C:\Users\websafari\AppData\Local\Android\Sdk\tools;C:\Users\websafari\AppData\Local\Android\Sdk\platform-tools;C:\Program Files\nodejs\;C:\ProgramData\chocolatey\bin;C:\Users\websafari\AppData\Local\Microsoft\WindowsApps;C:\Program Files\heroku\bin;C:\Users\websafari\AppData\Roaming\npm
USERNAME=websafari
OS=Windows_NT
PROCESSOR_IDENTIFIER=Intel64 Family 6 Model 15 Stepping 11, GenuineIntel



---------------  S Y S T E M  ---------------

OS: Windows 10 , 64 bit Build 19041 (10.0.19041.1023)

CPU:total 4 (initial active 4) (4 cores per cpu, 1 threads per core) family 6 model 15 stepping 11 microcode 0xba, cmov, cx8, fxsr, mmx, sse, sse2, sse3, ssse3, tsc

Memory: 4k page, system-wide physical 6143M (311M free)
TotalPageFile size 21335M (AvailPageFile size 2M)
current process WorkingSet (physical memory assigned to process): 49M, peak: 49M
current process commit charge ("private bytes"): 172M, peak: 172M

vm_info: Java HotSpot(TM) 64-Bit Server VM (11.0.11+9-LTS-194) for windows-amd64 JRE (11.0.11+9-LTS-194), built on Mar 18 2021 18:46:53 by "mach5one" with MS VC++ 15.9 (VS2017)

END.
