#
# There is insufficient memory for the Java Runtime Environment to continue.
# Native memory allocation (malloc) failed to allocate 405296 bytes for Chunk::new
# Possible reasons:
#   The system is out of physical RAM or swap space
#   The process is running with CompressedOops enabled, and the Java Heap may be blocking the growth of the native heap
# Possible solutions:
#   Reduce memory load on the system
#   Increase physical memory or swap space
#   Check if swap backing store is full
#   Decrease Java heap size (-Xmx/-Xms)
#   Decrease number of Java threads
#   Decrease Java thread stack sizes (-Xss)
#   Set larger code cache with -XX:ReservedCodeCacheSize=
#   JVM is running with Unscaled Compressed Oops mode in which the Java heap is
#     placed in the first 4GB address space. The Java Heap base address is the
#     maximum limit for the native heap growth. Please use -XX:HeapBaseMinAddress
#     to set the Java Heap base and to place the Java Heap above 4GB virtual address.
# This output file may be truncated or incomplete.
#
#  Out of Memory Error (./open/src/hotspot/share/memory/arena.cpp:197), pid=12460, tid=6464
#
# JRE version: Java(TM) SE Runtime Environment 18.9 (11.0.11+9) (build 11.0.11+9-LTS-194)
# Java VM: Java HotSpot(TM) 64-Bit Server VM 18.9 (11.0.11+9-LTS-194, mixed mode, tiered, compressed oops, g1 gc, windows-amd64)
# No core dump will be written. Minidumps are not enabled by default on client versions of Windows
#

---------------  S U M M A R Y ------------

Command Line: -Dclassworlds.conf=C:\apache-maven-3.6.3\bin\..\bin\m2.conf -Dmaven.home=C:\apache-maven-3.6.3\bin\.. -Dlibrary.jansi.path=C:\apache-maven-3.6.3\bin\..\lib\jansi-native -Dmaven.multiModuleProjectDirectory=C:\Users\websafari\epam_projects\mobileTaTrainingV2 org.codehaus.plexus.classworlds.launcher.Launcher clean test -Pnative

Host: Intel(R) Core(TM)2 Quad CPU    Q6600  @ 2.40GHz, 4 cores, 5G,  Windows 10 , 64 bit Build 19041 (10.0.19041.1023)
Time: Sat Aug  7 18:10:15 2021 Russia TZ 2 Standard Time elapsed time: 18.898829 seconds (0d 0h 0m 18s)

---------------  T H R E A D  ---------------

Current thread (0x000002a76d79a000):  JavaThread "C2 CompilerThread0" daemon [_thread_in_native, id=6464, stack(0x000000eab8000000,0x000000eab8100000)]


Current CompileTask:
C2:  18899 5892   !   4       java.io.BufferedReader::readLine (304 bytes)

Stack: [0x000000eab8000000,0x000000eab8100000]
Native frames: (J=compiled Java code, j=interpreted, Vv=VM code, C=native code)
V  [jvm.dll+0x616f2a]
V  [jvm.dll+0x74de7f]
V  [jvm.dll+0x74f505]
V  [jvm.dll+0x74fb83]
V  [jvm.dll+0x2436d8]
V  [jvm.dll+0xba68c]
V  [jvm.dll+0xbad8c]
V  [jvm.dll+0x3462b7]
V  [jvm.dll+0x3140c3]
V  [jvm.dll+0x31340a]
V  [jvm.dll+0x1fd045]
V  [jvm.dll+0x1fc22f]
V  [jvm.dll+0x17f0bc]
V  [jvm.dll+0x20b68c]
V  [jvm.dll+0x20978b]
V  [jvm.dll+0x7152c9]
V  [jvm.dll+0x70dfc4]
V  [jvm.dll+0x6160f6]
C  [ucrtbase.dll+0x21bb2]
C  [KERNEL32.DLL+0x17034]
C  [ntdll.dll+0x52651]


---------------  P R O C E S S  ---------------

Threads class SMR info:
_java_thread_list=0x000002a7714076f0, length=21, elements={
0x000002a7504c7000, 0x000002a76d735800, 0x000002a76d73f800, 0x000002a76d795000,
0x000002a76d797000, 0x000002a76d79a000, 0x000002a76d7a1800, 0x000002a76d7a5000,
0x000002a76e231800, 0x000002a76e240800, 0x000002a77115b000, 0x000002a76f98e800,
0x000002a76fd01000, 0x000002a770bf2000, 0x000002a7707bf000, 0x000002a76fc62800,
0x000002a76e923000, 0x000002a770a0c800, 0x000002a76e78b800, 0x000002a7713b0000,
0x000002a7708dc000
}

Java Threads: ( => current thread )
  0x000002a7504c7000 JavaThread "main" [_thread_in_native, id=13996, stack(0x000000eab7500000,0x000000eab7600000)]
  0x000002a76d735800 JavaThread "Reference Handler" daemon [_thread_blocked, id=16060, stack(0x000000eab7c00000,0x000000eab7d00000)]
  0x000002a76d73f800 JavaThread "Finalizer" daemon [_thread_blocked, id=4444, stack(0x000000eab7d00000,0x000000eab7e00000)]
  0x000002a76d795000 JavaThread "Signal Dispatcher" daemon [_thread_blocked, id=11204, stack(0x000000eab7e00000,0x000000eab7f00000)]
  0x000002a76d797000 JavaThread "Attach Listener" daemon [_thread_blocked, id=5948, stack(0x000000eab7f00000,0x000000eab8000000)]
=>0x000002a76d79a000 JavaThread "C2 CompilerThread0" daemon [_thread_in_native, id=6464, stack(0x000000eab8000000,0x000000eab8100000)]
  0x000002a76d7a1800 JavaThread "C1 CompilerThread0" daemon [_thread_blocked, id=10540, stack(0x000000eab8100000,0x000000eab8200000)]
  0x000002a76d7a5000 JavaThread "Sweeper thread" daemon [_thread_blocked, id=13032, stack(0x000000eab8200000,0x000000eab8300000)]
  0x000002a76e231800 JavaThread "Service Thread" daemon [_thread_blocked, id=4588, stack(0x000000eab8300000,0x000000eab8400000)]
  0x000002a76e240800 JavaThread "Common-Cleaner" daemon [_thread_blocked, id=13272, stack(0x000000eab8500000,0x000000eab8600000)]
  0x000002a77115b000 JavaThread "resolver-1" daemon [_thread_blocked, id=9616, stack(0x000000eab8800000,0x000000eab8900000)]
  0x000002a76f98e800 JavaThread "resolver-2" daemon [_thread_blocked, id=11360, stack(0x000000eab8900000,0x000000eab8a00000)]
  0x000002a76fd01000 JavaThread "resolver-3" daemon [_thread_blocked, id=3644, stack(0x000000eab8a00000,0x000000eab8b00000)]
  0x000002a770bf2000 JavaThread "resolver-4" daemon [_thread_blocked, id=16612, stack(0x000000eab8b00000,0x000000eab8c00000)]
  0x000002a7707bf000 JavaThread "resolver-5" daemon [_thread_blocked, id=8740, stack(0x000000eab8c00000,0x000000eab8d00000)]
  0x000002a76fc62800 JavaThread "timeout-check-timer" daemon [_thread_blocked, id=6680, stack(0x000000eab8d00000,0x000000eab8e00000)]
  0x000002a76e923000 JavaThread "ping-timer-10s" daemon [_thread_blocked, id=1876, stack(0x000000eab8e00000,0x000000eab8f00000)]
  0x000002a770a0c800 JavaThread "ThreadedStreamConsumer" daemon [_thread_in_native, id=12188, stack(0x000000eab8f00000,0x000000eab9000000)]
  0x000002a76e78b800 JavaThread "Thread-2" [_thread_blocked, id=14580, stack(0x000000eab9000000,0x000000eab9100000)]
  0x000002a7713b0000 JavaThread "Thread-3" [_thread_in_native, id=14372, stack(0x000000eab9100000,0x000000eab9200000)]
  0x000002a7708dc000 JavaThread "Thread-4" [_thread_in_native, id=8844, stack(0x000000eab9200000,0x000000eab9300000)]

Other Threads:
  0x000002a76d713000 VMThread "VM Thread" [stack: 0x000000eab7b00000,0x000000eab7c00000] [id=6148]
  0x000002a76e23d800 WatcherThread [stack: 0x000000eab8400000,0x000000eab8500000] [id=8732]
  0x000002a7504dd800 GCTaskThread "GC Thread#0" [stack: 0x000000eab7600000,0x000000eab7700000] [id=984]
  0x000002a76eaa2000 GCTaskThread "GC Thread#1" [stack: 0x000000eab8600000,0x000000eab8700000] [id=5524]
  0x000002a750504000 ConcurrentGCThread "G1 Main Marker" [stack: 0x000000eab7700000,0x000000eab7800000] [id=16768]
  0x000002a750505800 ConcurrentGCThread "G1 Conc#0" [stack: 0x000000eab7800000,0x000000eab7900000] [id=16928]
  0x000002a750579800 ConcurrentGCThread "G1 Refine#0" [stack: 0x000000eab7900000,0x000000eab7a00000] [id=14156]
  0x000002a76e972800 ConcurrentGCThread "G1 Refine#1" [stack: 0x000000eab8700000,0x000000eab8800000] [id=16880]
  0x000002a75057a800 ConcurrentGCThread "G1 Young RemSet Sampling" [stack: 0x000000eab7a00000,0x000000eab7b00000] [id=14480]

Threads with active compile tasks:
C2 CompilerThread0  18978 5892   !   4       java.io.BufferedReader::readLine (304 bytes)

VM state:not at safepoint (normal execution)

VM Mutex/Monitor currently owned by a thread: None

Heap address: 0x00000000a0000000, size: 1536 MB, Compressed Oops mode: 32-bit
Narrow klass base: 0x0000000000000000, Narrow klass shift: 3
Compressed class space size: 1073741824 Address: 0x0000000100000000

Heap:
 garbage-first heap   total 151552K, used 29184K [0x00000000a0000000, 0x0000000100000000)
  region size 1024K, 6 young (6144K), 2 survivors (2048K)
 Metaspace       used 35608K, capacity 36399K, committed 36528K, reserved 1081344K
  class space    used 3741K, capacity 4027K, committed 4096K, reserved 1048576K
Heap Regions: E=young(eden), S=young(survivor), O=old, HS=humongous(starts), HC=humongous(continues), CS=collection set, F=free, A=archive, TAMS=top-at-mark-start (previous, next)
|   0|0x00000000a0000000, 0x00000000a0100000, 0x00000000a0100000|100%| O|  |TAMS 0x00000000a0100000, 0x00000000a0000000| Untracked 
|   1|0x00000000a0100000, 0x00000000a0200000, 0x00000000a0200000|100%| O|  |TAMS 0x00000000a0200000, 0x00000000a0100000| Untracked 
|   2|0x00000000a0200000, 0x00000000a0300000, 0x00000000a0300000|100%| O|  |TAMS 0x00000000a0300000, 0x00000000a0200000| Untracked 
|   3|0x00000000a0300000, 0x00000000a0400000, 0x00000000a0400000|100%| O|  |TAMS 0x00000000a0400000, 0x00000000a0300000| Untracked 
|   4|0x00000000a0400000, 0x00000000a0500000, 0x00000000a0500000|100%| O|  |TAMS 0x00000000a0500000, 0x00000000a0400000| Untracked 
|   5|0x00000000a0500000, 0x00000000a0600000, 0x00000000a0600000|100%| O|  |TAMS 0x00000000a0600000, 0x00000000a0500000| Untracked 
|   6|0x00000000a0600000, 0x00000000a0700000, 0x00000000a0700000|100%| O|  |TAMS 0x00000000a0700000, 0x00000000a0600000| Untracked 
|   7|0x00000000a0700000, 0x00000000a0800000, 0x00000000a0800000|100%| O|  |TAMS 0x00000000a0800000, 0x00000000a0700000| Untracked 
|   8|0x00000000a0800000, 0x00000000a0900000, 0x00000000a0900000|100%| O|  |TAMS 0x00000000a0900000, 0x00000000a0800000| Untracked 
|   9|0x00000000a0900000, 0x00000000a0a00000, 0x00000000a0a00000|100%| O|  |TAMS 0x00000000a0a00000, 0x00000000a0900000| Untracked 
|  10|0x00000000a0a00000, 0x00000000a0b00000, 0x00000000a0b00000|100%| O|  |TAMS 0x00000000a0b00000, 0x00000000a0a00000| Untracked 
|  11|0x00000000a0b00000, 0x00000000a0c00000, 0x00000000a0c00000|100%| O|  |TAMS 0x00000000a0c00000, 0x00000000a0b00000| Untracked 
|  12|0x00000000a0c00000, 0x00000000a0d00000, 0x00000000a0d00000|100%| O|  |TAMS 0x00000000a0d00000, 0x00000000a0c00000| Untracked 
|  13|0x00000000a0d00000, 0x00000000a0e00000, 0x00000000a0e00000|100%| O|  |TAMS 0x00000000a0e00000, 0x00000000a0d00000| Untracked 
|  14|0x00000000a0e00000, 0x00000000a0f00000, 0x00000000a0f00000|100%| O|  |TAMS 0x00000000a0f00000, 0x00000000a0e00000| Untracked 
|  15|0x00000000a0f00000, 0x00000000a1000000, 0x00000000a1000000|100%| O|  |TAMS 0x00000000a1000000, 0x00000000a0f00000| Untracked 
|  16|0x00000000a1000000, 0x00000000a1100000, 0x00000000a1100000|100%| O|  |TAMS 0x00000000a1100000, 0x00000000a1000000| Untracked 
|  17|0x00000000a1100000, 0x00000000a1200000, 0x00000000a1200000|100%| O|  |TAMS 0x00000000a1200000, 0x00000000a1100000| Untracked 
|  18|0x00000000a1200000, 0x00000000a1300000, 0x00000000a1300000|100%| O|  |TAMS 0x00000000a1300000, 0x00000000a1200000| Untracked 
|  19|0x00000000a1300000, 0x00000000a1400000, 0x00000000a1400000|100%| O|  |TAMS 0x00000000a1400000, 0x00000000a1300000| Untracked 
|  20|0x00000000a1400000, 0x00000000a1500000, 0x00000000a1500000|100%| O|  |TAMS 0x00000000a1500000, 0x00000000a1400000| Untracked 
|  21|0x00000000a1500000, 0x00000000a1600000, 0x00000000a1600000|100%| O|  |TAMS 0x00000000a1600000, 0x00000000a1500000| Untracked 
|  22|0x00000000a1600000, 0x00000000a1700000, 0x00000000a1700000|100%| O|  |TAMS 0x00000000a1700000, 0x00000000a1600000| Untracked 
|  23|0x00000000a1700000, 0x00000000a1780000, 0x00000000a1800000| 50%| O|  |TAMS 0x00000000a1780000, 0x00000000a1700000| Untracked 
|  24|0x00000000a1800000, 0x00000000a1800000, 0x00000000a1900000|  0%| F|  |TAMS 0x00000000a1800000, 0x00000000a1800000| Untracked 
|  25|0x00000000a1900000, 0x00000000a1900000, 0x00000000a1a00000|  0%| F|  |TAMS 0x00000000a1900000, 0x00000000a1900000| Untracked 
|  26|0x00000000a1a00000, 0x00000000a1a00000, 0x00000000a1b00000|  0%| F|  |TAMS 0x00000000a1a00000, 0x00000000a1a00000| Untracked 
|  27|0x00000000a1b00000, 0x00000000a1b00000, 0x00000000a1c00000|  0%| F|  |TAMS 0x00000000a1b00000, 0x00000000a1b00000| Untracked 
|  28|0x00000000a1c00000, 0x00000000a1c00000, 0x00000000a1d00000|  0%| F|  |TAMS 0x00000000a1c00000, 0x00000000a1c00000| Untracked 
|  29|0x00000000a1d00000, 0x00000000a1d00000, 0x00000000a1e00000|  0%| F|  |TAMS 0x00000000a1d00000, 0x00000000a1d00000| Untracked 
|  30|0x00000000a1e00000, 0x00000000a1e00000, 0x00000000a1f00000|  0%| F|  |TAMS 0x00000000a1e00000, 0x00000000a1e00000| Untracked 
|  31|0x00000000a1f00000, 0x00000000a1f00000, 0x00000000a2000000|  0%| F|  |TAMS 0x00000000a1f00000, 0x00000000a1f00000| Untracked 
|  32|0x00000000a2000000, 0x00000000a2000000, 0x00000000a2100000|  0%| F|  |TAMS 0x00000000a2000000, 0x00000000a2000000| Untracked 
|  33|0x00000000a2100000, 0x00000000a2100000, 0x00000000a2200000|  0%| F|  |TAMS 0x00000000a2100000, 0x00000000a2100000| Untracked 
|  34|0x00000000a2200000, 0x00000000a2200000, 0x00000000a2300000|  0%| F|  |TAMS 0x00000000a2200000, 0x00000000a2200000| Untracked 
|  35|0x00000000a2300000, 0x00000000a2300000, 0x00000000a2400000|  0%| F|  |TAMS 0x00000000a2300000, 0x00000000a2300000| Untracked 
|  36|0x00000000a2400000, 0x00000000a2400000, 0x00000000a2500000|  0%| F|  |TAMS 0x00000000a2400000, 0x00000000a2400000| Untracked 
|  37|0x00000000a2500000, 0x00000000a2500000, 0x00000000a2600000|  0%| F|  |TAMS 0x00000000a2500000, 0x00000000a2500000| Untracked 
|  38|0x00000000a2600000, 0x00000000a2600000, 0x00000000a2700000|  0%| F|  |TAMS 0x00000000a2600000, 0x00000000a2600000| Untracked 
|  39|0x00000000a2700000, 0x00000000a2700000, 0x00000000a2800000|  0%| F|  |TAMS 0x00000000a2700000, 0x00000000a2700000| Untracked 
|  40|0x00000000a2800000, 0x00000000a2800000, 0x00000000a2900000|  0%| F|  |TAMS 0x00000000a2800000, 0x00000000a2800000| Untracked 
|  41|0x00000000a2900000, 0x00000000a2900000, 0x00000000a2a00000|  0%| F|  |TAMS 0x00000000a2900000, 0x00000000a2900000| Untracked 
|  42|0x00000000a2a00000, 0x00000000a2a00000, 0x00000000a2b00000|  0%| F|  |TAMS 0x00000000a2a00000, 0x00000000a2a00000| Untracked 
|  43|0x00000000a2b00000, 0x00000000a2b00000, 0x00000000a2c00000|  0%| F|  |TAMS 0x00000000a2b00000, 0x00000000a2b00000| Untracked 
|  44|0x00000000a2c00000, 0x00000000a2c00000, 0x00000000a2d00000|  0%| F|  |TAMS 0x00000000a2c00000, 0x00000000a2c00000| Untracked 
|  45|0x00000000a2d00000, 0x00000000a2d00000, 0x00000000a2e00000|  0%| F|  |TAMS 0x00000000a2d00000, 0x00000000a2d00000| Untracked 
|  46|0x00000000a2e00000, 0x00000000a2e00000, 0x00000000a2f00000|  0%| F|  |TAMS 0x00000000a2e00000, 0x00000000a2e00000| Untracked 
|  47|0x00000000a2f00000, 0x00000000a2f00000, 0x00000000a3000000|  0%| F|  |TAMS 0x00000000a2f00000, 0x00000000a2f00000| Untracked 
|  48|0x00000000a3000000, 0x00000000a3000000, 0x00000000a3100000|  0%| F|  |TAMS 0x00000000a3000000, 0x00000000a3000000| Untracked 
|  49|0x00000000a3100000, 0x00000000a3100000, 0x00000000a3200000|  0%| F|  |TAMS 0x00000000a3100000, 0x00000000a3100000| Untracked 
|  50|0x00000000a3200000, 0x00000000a3200000, 0x00000000a3300000|  0%| F|  |TAMS 0x00000000a3200000, 0x00000000a3200000| Untracked 
|  51|0x00000000a3300000, 0x00000000a3300000, 0x00000000a3400000|  0%| F|  |TAMS 0x00000000a3300000, 0x00000000a3300000| Untracked 
|  52|0x00000000a3400000, 0x00000000a3400000, 0x00000000a3500000|  0%| F|  |TAMS 0x00000000a3400000, 0x00000000a3400000| Untracked 
|  53|0x00000000a3500000, 0x00000000a3500000, 0x00000000a3600000|  0%| F|  |TAMS 0x00000000a3500000, 0x00000000a3500000| Untracked 
|  54|0x00000000a3600000, 0x00000000a3600000, 0x00000000a3700000|  0%| F|  |TAMS 0x00000000a3600000, 0x00000000a3600000| Untracked 
|  55|0x00000000a3700000, 0x00000000a3700000, 0x00000000a3800000|  0%| F|  |TAMS 0x00000000a3700000, 0x00000000a3700000| Untracked 
|  56|0x00000000a3800000, 0x00000000a3800000, 0x00000000a3900000|  0%| F|  |TAMS 0x00000000a3800000, 0x00000000a3800000| Untracked 
|  57|0x00000000a3900000, 0x00000000a3900000, 0x00000000a3a00000|  0%| F|  |TAMS 0x00000000a3900000, 0x00000000a3900000| Untracked 
|  58|0x00000000a3a00000, 0x00000000a3a00000, 0x00000000a3b00000|  0%| F|  |TAMS 0x00000000a3a00000, 0x00000000a3a00000| Untracked 
|  59|0x00000000a3b00000, 0x00000000a3b00000, 0x00000000a3c00000|  0%| F|  |TAMS 0x00000000a3b00000, 0x00000000a3b00000| Untracked 
|  60|0x00000000a3c00000, 0x00000000a3c00000, 0x00000000a3d00000|  0%| F|  |TAMS 0x00000000a3c00000, 0x00000000a3c00000| Untracked 
|  61|0x00000000a3d00000, 0x00000000a3d00000, 0x00000000a3e00000|  0%| F|  |TAMS 0x00000000a3d00000, 0x00000000a3d00000| Untracked 
|  62|0x00000000a3e00000, 0x00000000a3e00000, 0x00000000a3f00000|  0%| F|  |TAMS 0x00000000a3e00000, 0x00000000a3e00000| Untracked 
|  63|0x00000000a3f00000, 0x00000000a3f00000, 0x00000000a4000000|  0%| F|  |TAMS 0x00000000a3f00000, 0x00000000a3f00000| Untracked 
|  64|0x00000000a4000000, 0x00000000a4000000, 0x00000000a4100000|  0%| F|  |TAMS 0x00000000a4000000, 0x00000000a4000000| Untracked 
|  65|0x00000000a4100000, 0x00000000a4100000, 0x00000000a4200000|  0%| F|  |TAMS 0x00000000a4100000, 0x00000000a4100000| Untracked 
|  66|0x00000000a4200000, 0x00000000a4200000, 0x00000000a4300000|  0%| F|  |TAMS 0x00000000a4200000, 0x00000000a4200000| Untracked 
|  67|0x00000000a4300000, 0x00000000a4300000, 0x00000000a4400000|  0%| F|  |TAMS 0x00000000a4300000, 0x00000000a4300000| Untracked 
|  68|0x00000000a4400000, 0x00000000a4400000, 0x00000000a4500000|  0%| F|  |TAMS 0x00000000a4400000, 0x00000000a4400000| Untracked 
|  69|0x00000000a4500000, 0x00000000a4500000, 0x00000000a4600000|  0%| F|  |TAMS 0x00000000a4500000, 0x00000000a4500000| Untracked 
|  70|0x00000000a4600000, 0x00000000a4600000, 0x00000000a4700000|  0%| F|  |TAMS 0x00000000a4600000, 0x00000000a4600000| Untracked 
|  71|0x00000000a4700000, 0x00000000a4700000, 0x00000000a4800000|  0%| F|  |TAMS 0x00000000a4700000, 0x00000000a4700000| Untracked 
|  72|0x00000000a4800000, 0x00000000a4800000, 0x00000000a4900000|  0%| F|  |TAMS 0x00000000a4800000, 0x00000000a4800000| Untracked 
|  73|0x00000000a4900000, 0x00000000a4900000, 0x00000000a4a00000|  0%| F|  |TAMS 0x00000000a4900000, 0x00000000a4900000| Untracked 
|  74|0x00000000a4a00000, 0x00000000a4a00000, 0x00000000a4b00000|  0%| F|  |TAMS 0x00000000a4a00000, 0x00000000a4a00000| Untracked 
|  75|0x00000000a4b00000, 0x00000000a4b00000, 0x00000000a4c00000|  0%| F|  |TAMS 0x00000000a4b00000, 0x00000000a4b00000| Untracked 
|  76|0x00000000a4c00000, 0x00000000a4d00000, 0x00000000a4d00000|100%| S|CS|TAMS 0x00000000a4c00000, 0x00000000a4c00000| Complete 
|  77|0x00000000a4d00000, 0x00000000a4e00000, 0x00000000a4e00000|100%| S|CS|TAMS 0x00000000a4d00000, 0x00000000a4d00000| Complete 
|  78|0x00000000a4e00000, 0x00000000a4e00000, 0x00000000a4f00000|  0%| F|  |TAMS 0x00000000a4e00000, 0x00000000a4e00000| Untracked 
|  79|0x00000000a4f00000, 0x00000000a4f00000, 0x00000000a5000000|  0%| F|  |TAMS 0x00000000a4f00000, 0x00000000a4f00000| Untracked 
|  80|0x00000000a5000000, 0x00000000a5000000, 0x00000000a5100000|  0%| F|  |TAMS 0x00000000a5000000, 0x00000000a5000000| Untracked 
|  81|0x00000000a5100000, 0x00000000a5100000, 0x00000000a5200000|  0%| F|  |TAMS 0x00000000a5100000, 0x00000000a5100000| Untracked 
|  82|0x00000000a5200000, 0x00000000a5200000, 0x00000000a5300000|  0%| F|  |TAMS 0x00000000a5200000, 0x00000000a5200000| Untracked 
|  83|0x00000000a5300000, 0x00000000a5300000, 0x00000000a5400000|  0%| F|  |TAMS 0x00000000a5300000, 0x00000000a5300000| Untracked 
|  84|0x00000000a5400000, 0x00000000a5400000, 0x00000000a5500000|  0%| F|  |TAMS 0x00000000a5400000, 0x00000000a5400000| Untracked 
|  85|0x00000000a5500000, 0x00000000a5500000, 0x00000000a5600000|  0%| F|  |TAMS 0x00000000a5500000, 0x00000000a5500000| Untracked 
|  86|0x00000000a5600000, 0x00000000a5600000, 0x00000000a5700000|  0%| F|  |TAMS 0x00000000a5600000, 0x00000000a5600000| Untracked 
|  87|0x00000000a5700000, 0x00000000a5700000, 0x00000000a5800000|  0%| F|  |TAMS 0x00000000a5700000, 0x00000000a5700000| Untracked 
|  88|0x00000000a5800000, 0x00000000a5800000, 0x00000000a5900000|  0%| F|  |TAMS 0x00000000a5800000, 0x00000000a5800000| Untracked 
|  89|0x00000000a5900000, 0x00000000a5900000, 0x00000000a5a00000|  0%| F|  |TAMS 0x00000000a5900000, 0x00000000a5900000| Untracked 
|  90|0x00000000a5a00000, 0x00000000a5a00000, 0x00000000a5b00000|  0%| F|  |TAMS 0x00000000a5a00000, 0x00000000a5a00000| Untracked 
|  91|0x00000000a5b00000, 0x00000000a5b00000, 0x00000000a5c00000|  0%| F|  |TAMS 0x00000000a5b00000, 0x00000000a5b00000| Untracked 
|  92|0x00000000a5c00000, 0x00000000a5c00000, 0x00000000a5d00000|  0%| F|  |TAMS 0x00000000a5c00000, 0x00000000a5c00000| Untracked 
|  93|0x00000000a5d00000, 0x00000000a5d00000, 0x00000000a5e00000|  0%| F|  |TAMS 0x00000000a5d00000, 0x00000000a5d00000| Untracked 
|  94|0x00000000a5e00000, 0x00000000a5e00000, 0x00000000a5f00000|  0%| F|  |TAMS 0x00000000a5e00000, 0x00000000a5e00000| Untracked 
|  95|0x00000000a5f00000, 0x00000000a5f00000, 0x00000000a6000000|  0%| F|  |TAMS 0x00000000a5f00000, 0x00000000a5f00000| Untracked 
|  96|0x00000000a6000000, 0x00000000a6000000, 0x00000000a6100000|  0%| F|  |TAMS 0x00000000a6000000, 0x00000000a6000000| Untracked 
|  97|0x00000000a6100000, 0x00000000a6100000, 0x00000000a6200000|  0%| F|  |TAMS 0x00000000a6100000, 0x00000000a6100000| Untracked 
|  98|0x00000000a6200000, 0x00000000a6200000, 0x00000000a6300000|  0%| F|  |TAMS 0x00000000a6200000, 0x00000000a6200000| Untracked 
|  99|0x00000000a6300000, 0x00000000a6300000, 0x00000000a6400000|  0%| F|  |TAMS 0x00000000a6300000, 0x00000000a6300000| Untracked 
| 100|0x00000000a6400000, 0x00000000a6400000, 0x00000000a6500000|  0%| F|  |TAMS 0x00000000a6400000, 0x00000000a6400000| Untracked 
| 101|0x00000000a6500000, 0x00000000a6500000, 0x00000000a6600000|  0%| F|  |TAMS 0x00000000a6500000, 0x00000000a6500000| Untracked 
| 102|0x00000000a6600000, 0x00000000a6600000, 0x00000000a6700000|  0%| F|  |TAMS 0x00000000a6600000, 0x00000000a6600000| Untracked 
| 103|0x00000000a6700000, 0x00000000a6700000, 0x00000000a6800000|  0%| F|  |TAMS 0x00000000a6700000, 0x00000000a6700000| Untracked 
| 104|0x00000000a6800000, 0x00000000a6800000, 0x00000000a6900000|  0%| F|  |TAMS 0x00000000a6800000, 0x00000000a6800000| Untracked 
| 105|0x00000000a6900000, 0x00000000a6900000, 0x00000000a6a00000|  0%| F|  |TAMS 0x00000000a6900000, 0x00000000a6900000| Untracked 
| 106|0x00000000a6a00000, 0x00000000a6a00000, 0x00000000a6b00000|  0%| F|  |TAMS 0x00000000a6a00000, 0x00000000a6a00000| Untracked 
| 107|0x00000000a6b00000, 0x00000000a6b00000, 0x00000000a6c00000|  0%| F|  |TAMS 0x00000000a6b00000, 0x00000000a6b00000| Untracked 
| 108|0x00000000a6c00000, 0x00000000a6c00000, 0x00000000a6d00000|  0%| F|  |TAMS 0x00000000a6c00000, 0x00000000a6c00000| Untracked 
| 109|0x00000000a6d00000, 0x00000000a6d00000, 0x00000000a6e00000|  0%| F|  |TAMS 0x00000000a6d00000, 0x00000000a6d00000| Untracked 
| 110|0x00000000a6e00000, 0x00000000a6e00000, 0x00000000a6f00000|  0%| F|  |TAMS 0x00000000a6e00000, 0x00000000a6e00000| Untracked 
| 111|0x00000000a6f00000, 0x00000000a6f00000, 0x00000000a7000000|  0%| F|  |TAMS 0x00000000a6f00000, 0x00000000a6f00000| Untracked 
| 112|0x00000000a7000000, 0x00000000a7000000, 0x00000000a7100000|  0%| F|  |TAMS 0x00000000a7000000, 0x00000000a7000000| Untracked 
| 113|0x00000000a7100000, 0x00000000a7100000, 0x00000000a7200000|  0%| F|  |TAMS 0x00000000a7100000, 0x00000000a7100000| Untracked 
| 114|0x00000000a7200000, 0x00000000a7200000, 0x00000000a7300000|  0%| F|  |TAMS 0x00000000a7200000, 0x00000000a7200000| Untracked 
| 115|0x00000000a7300000, 0x00000000a7300000, 0x00000000a7400000|  0%| F|  |TAMS 0x00000000a7300000, 0x00000000a7300000| Untracked 
| 116|0x00000000a7400000, 0x00000000a7400000, 0x00000000a7500000|  0%| F|  |TAMS 0x00000000a7400000, 0x00000000a7400000| Untracked 
| 117|0x00000000a7500000, 0x00000000a7500000, 0x00000000a7600000|  0%| F|  |TAMS 0x00000000a7500000, 0x00000000a7500000| Untracked 
| 118|0x00000000a7600000, 0x00000000a7600000, 0x00000000a7700000|  0%| F|  |TAMS 0x00000000a7600000, 0x00000000a7600000| Untracked 
| 119|0x00000000a7700000, 0x00000000a7700000, 0x00000000a7800000|  0%| F|  |TAMS 0x00000000a7700000, 0x00000000a7700000| Untracked 
| 120|0x00000000a7800000, 0x00000000a7800000, 0x00000000a7900000|  0%| F|  |TAMS 0x00000000a7800000, 0x00000000a7800000| Untracked 
| 121|0x00000000a7900000, 0x00000000a7900000, 0x00000000a7a00000|  0%| F|  |TAMS 0x00000000a7900000, 0x00000000a7900000| Untracked 
| 122|0x00000000a7a00000, 0x00000000a7a00000, 0x00000000a7b00000|  0%| F|  |TAMS 0x00000000a7a00000, 0x00000000a7a00000| Untracked 
| 123|0x00000000a7b00000, 0x00000000a7b00000, 0x00000000a7c00000|  0%| F|  |TAMS 0x00000000a7b00000, 0x00000000a7b00000| Untracked 
| 124|0x00000000a7c00000, 0x00000000a7c00000, 0x00000000a7d00000|  0%| F|  |TAMS 0x00000000a7c00000, 0x00000000a7c00000| Untracked 
| 125|0x00000000a7d00000, 0x00000000a7d00000, 0x00000000a7e00000|  0%| F|  |TAMS 0x00000000a7d00000, 0x00000000a7d00000| Untracked 
| 126|0x00000000a7e00000, 0x00000000a7e00000, 0x00000000a7f00000|  0%| F|  |TAMS 0x00000000a7e00000, 0x00000000a7e00000| Untracked 
| 127|0x00000000a7f00000, 0x00000000a7f00000, 0x00000000a8000000|  0%| F|  |TAMS 0x00000000a7f00000, 0x00000000a7f00000| Untracked 
| 128|0x00000000a8000000, 0x00000000a8000000, 0x00000000a8100000|  0%| F|  |TAMS 0x00000000a8000000, 0x00000000a8000000| Untracked 
| 129|0x00000000a8100000, 0x00000000a8100000, 0x00000000a8200000|  0%| F|  |TAMS 0x00000000a8100000, 0x00000000a8100000| Untracked 
| 130|0x00000000a8200000, 0x00000000a8200000, 0x00000000a8300000|  0%| F|  |TAMS 0x00000000a8200000, 0x00000000a8200000| Untracked 
| 131|0x00000000a8300000, 0x00000000a8300000, 0x00000000a8400000|  0%| F|  |TAMS 0x00000000a8300000, 0x00000000a8300000| Untracked 
| 132|0x00000000a8400000, 0x00000000a8400000, 0x00000000a8500000|  0%| F|  |TAMS 0x00000000a8400000, 0x00000000a8400000| Untracked 
| 133|0x00000000a8500000, 0x00000000a8500000, 0x00000000a8600000|  0%| F|  |TAMS 0x00000000a8500000, 0x00000000a8500000| Untracked 
| 134|0x00000000a8600000, 0x00000000a8600000, 0x00000000a8700000|  0%| F|  |TAMS 0x00000000a8600000, 0x00000000a8600000| Untracked 
| 135|0x00000000a8700000, 0x00000000a8700000, 0x00000000a8800000|  0%| F|  |TAMS 0x00000000a8700000, 0x00000000a8700000| Untracked 
| 136|0x00000000a8800000, 0x00000000a8800000, 0x00000000a8900000|  0%| F|  |TAMS 0x00000000a8800000, 0x00000000a8800000| Untracked 
| 137|0x00000000a8900000, 0x00000000a8900000, 0x00000000a8a00000|  0%| F|  |TAMS 0x00000000a8900000, 0x00000000a8900000| Untracked 
| 138|0x00000000a8a00000, 0x00000000a8a00000, 0x00000000a8b00000|  0%| F|  |TAMS 0x00000000a8a00000, 0x00000000a8a00000| Untracked 
| 139|0x00000000a8b00000, 0x00000000a8b00000, 0x00000000a8c00000|  0%| F|  |TAMS 0x00000000a8b00000, 0x00000000a8b00000| Untracked 
| 140|0x00000000a8c00000, 0x00000000a8c00000, 0x00000000a8d00000|  0%| F|  |TAMS 0x00000000a8c00000, 0x00000000a8c00000| Untracked 
| 141|0x00000000a8d00000, 0x00000000a8d00000, 0x00000000a8e00000|  0%| F|  |TAMS 0x00000000a8d00000, 0x00000000a8d00000| Untracked 
| 142|0x00000000a8e00000, 0x00000000a8e00000, 0x00000000a8f00000|  0%| F|  |TAMS 0x00000000a8e00000, 0x00000000a8e00000| Untracked 
| 143|0x00000000a8f00000, 0x00000000a8f00000, 0x00000000a9000000|  0%| F|  |TAMS 0x00000000a8f00000, 0x00000000a8f00000| Untracked 
| 144|0x00000000a9000000, 0x00000000a90da850, 0x00000000a9100000| 85%| E|  |TAMS 0x00000000a9000000, 0x00000000a9000000| Complete 
| 145|0x00000000a9100000, 0x00000000a9200000, 0x00000000a9200000|100%| E|CS|TAMS 0x00000000a9100000, 0x00000000a9100000| Complete 
| 146|0x00000000a9200000, 0x00000000a9300000, 0x00000000a9300000|100%| E|CS|TAMS 0x00000000a9200000, 0x00000000a9200000| Complete 
| 147|0x00000000a9300000, 0x00000000a9400000, 0x00000000a9400000|100%| E|CS|TAMS 0x00000000a9300000, 0x00000000a9300000| Complete 

Card table byte_map: [0x000002a767c80000,0x000002a767f80000] _byte_map_base: 0x000002a767780000

Marking Bits (Prev, Next): (CMBitMap*) 0x000002a7504fd158, (CMBitMap*) 0x000002a7504fd190
 Prev Bits: [0x000002a768280000, 0x000002a769a80000)
 Next Bits: [0x000002a769a80000, 0x000002a76b280000)

Polling page: 0x000002a74e3f0000

Metaspace:

Usage:
  Non-class:     31.61 MB capacity,    31.12 MB ( 98%) used,   440.13 KB (  1%) free+waste,    65.75 KB ( <1%) overhead. 
      Class:      3.93 MB capacity,     3.65 MB ( 93%) used,   257.00 KB (  6%) free+waste,    28.06 KB ( <1%) overhead. 
       Both:     35.55 MB capacity,    34.77 MB ( 98%) used,   697.13 KB (  2%) free+waste,    93.81 KB ( <1%) overhead. 

Virtual space:
  Non-class space:       32.00 MB reserved,      31.67 MB ( 99%) committed 
      Class space:        1.00 GB reserved,       4.00 MB ( <1%) committed 
             Both:        1.03 GB reserved,      35.67 MB (  3%) committed 

Chunk freelists:
   Non-Class:  7.50 KB
       Class:  640 bytes
        Both:  8.13 KB

CodeHeap 'non-profiled nmethods': size=120064Kb used=2684Kb max_used=2684Kb free=117379Kb
 bounds [0x000002a760440000, 0x000002a7606e0000, 0x000002a767980000]
CodeHeap 'profiled nmethods': size=120000Kb used=13378Kb max_used=13378Kb free=106621Kb
 bounds [0x000002a758f10000, 0x000002a759c30000, 0x000002a760440000]
CodeHeap 'non-nmethods': size=5696Kb used=1148Kb max_used=1168Kb free=4547Kb
 bounds [0x000002a758980000, 0x000002a758bf0000, 0x000002a758f10000]
 total_blobs=6336 nmethods=5836 adapters=412
 compilation: enabled
              stopped_count=0, restarted_count=0
 full_count=0

Compilation events (10 events):
Event: 18.698 Thread 0x000002a76d7a1800 nmethod 5890 0x000002a759c1e390 code [0x000002a759c1e540, 0x000002a759c1e6d8]
Event: 18.810 Thread 0x000002a76d79a000 5891       4       java.util.concurrent.locks.ReentrantLock$Sync::nonfairTryAcquire (67 bytes)
Event: 18.815 Thread 0x000002a76d79a000 nmethod 5891 0x000002a7606def90 code [0x000002a7606df120, 0x000002a7606df2d8]
Event: 18.849 Thread 0x000002a76d79a000 5892   !   4       java.io.BufferedReader::readLine (304 bytes)
Event: 18.849 Thread 0x000002a76d7a1800 5893       3       java.lang.String::substring (68 bytes)
Event: 18.851 Thread 0x000002a76d7a1800 nmethod 5893 0x000002a759c1e790 code [0x000002a759c1e9c0, 0x000002a759c1f198]
Event: 18.852 Thread 0x000002a76d7a1800 5895       3       org.apache.maven.surefire.util.internal.StringUtils::digit (33 bytes)
Event: 18.853 Thread 0x000002a76d7a1800 nmethod 5895 0x000002a759c1f490 code [0x000002a759c1f640, 0x000002a759c1f7d8]
Event: 18.858 Thread 0x000002a76d7a1800 5897       3       org.apache.maven.surefire.util.internal.StringUtils::unescapeString (130 bytes)
Event: 18.861 Thread 0x000002a76d7a1800 nmethod 5897 0x000002a759c1f890 code [0x000002a759c1fb20, 0x000002a759c20828]

GC Heap History (10 events):
Event: 5.662 GC heap before
{Heap before GC invocations=4 (full 0):
 garbage-first heap   total 98304K, used 16044K [0x00000000a0000000, 0x0000000100000000)
  region size 1024K, 14 young (14336K), 5 survivors (5120K)
 Metaspace       used 20786K, capacity 21102K, committed 21296K, reserved 1069056K
  class space    used 2188K, capacity 2312K, committed 2432K, reserved 1048576K
}
Event: 5.688 GC heap after
{Heap after GC invocations=5 (full 0):
 garbage-first heap   total 118784K, used 8497K [0x00000000a0000000, 0x0000000100000000)
  region size 1024K, 4 young (4096K), 4 survivors (4096K)
 Metaspace       used 20786K, capacity 21102K, committed 21296K, reserved 1069056K
  class space    used 2188K, capacity 2312K, committed 2432K, reserved 1048576K
}
Event: 9.560 GC heap before
{Heap before GC invocations=6 (full 0):
 garbage-first heap   total 118784K, used 62769K [0x00000000a0000000, 0x0000000100000000)
  region size 1024K, 57 young (58368K), 4 survivors (4096K)
 Metaspace       used 22496K, capacity 22997K, committed 23216K, reserved 1071104K
  class space    used 2317K, capacity 2499K, committed 2560K, reserved 1048576K
}
Event: 9.592 GC heap after
{Heap after GC invocations=7 (full 0):
 garbage-first heap   total 118784K, used 11300K [0x00000000a0000000, 0x0000000100000000)
  region size 1024K, 7 young (7168K), 7 survivors (7168K)
 Metaspace       used 22496K, capacity 22997K, committed 23216K, reserved 1071104K
  class space    used 2317K, capacity 2499K, committed 2560K, reserved 1048576K
}
Event: 13.026 GC heap before
{Heap before GC invocations=7 (full 0):
 garbage-first heap   total 118784K, used 68644K [0x00000000a0000000, 0x0000000100000000)
  region size 1024K, 64 young (65536K), 7 survivors (7168K)
 Metaspace       used 32106K, capacity 32707K, committed 32816K, reserved 1079296K
  class space    used 3421K, capacity 3671K, committed 3712K, reserved 1048576K
}
Event: 13.104 GC heap after
{Heap after GC invocations=8 (full 0):
 garbage-first heap   total 118784K, used 24063K [0x00000000a0000000, 0x0000000100000000)
  region size 1024K, 8 young (8192K), 8 survivors (8192K)
 Metaspace       used 32106K, capacity 32707K, committed 32816K, reserved 1079296K
  class space    used 3421K, capacity 3671K, committed 3712K, reserved 1048576K
}
Event: 15.747 GC heap before
{Heap before GC invocations=8 (full 0):
 garbage-first heap   total 118784K, used 76287K [0x00000000a0000000, 0x0000000100000000)
  region size 1024K, 60 young (61440K), 8 survivors (8192K)
 Metaspace       used 33337K, capacity 34106K, committed 34224K, reserved 1079296K
  class space    used 3528K, capacity 3814K, committed 3840K, reserved 1048576K
}
Event: 15.801 GC heap after
{Heap after GC invocations=9 (full 0):
 garbage-first heap   total 118784K, used 29184K [0x00000000a0000000, 0x0000000100000000)
  region size 1024K, 7 young (7168K), 7 survivors (7168K)
 Metaspace       used 33337K, capacity 34106K, committed 34224K, reserved 1079296K
  class space    used 3528K, capacity 3814K, committed 3840K, reserved 1048576K
}
Event: 17.238 GC heap before
{Heap before GC invocations=9 (full 0):
 garbage-first heap   total 118784K, used 67072K [0x00000000a0000000, 0x0000000100000000)
  region size 1024K, 45 young (46080K), 7 survivors (7168K)
 Metaspace       used 35132K, capacity 35876K, committed 35888K, reserved 1081344K
  class space    used 3696K, capacity 3958K, committed 3968K, reserved 1048576K
}
Event: 17.262 GC heap after
{Heap after GC invocations=10 (full 0):
 garbage-first heap   total 151552K, used 26112K [0x00000000a0000000, 0x0000000100000000)
  region size 1024K, 2 young (2048K), 2 survivors (2048K)
 Metaspace       used 35132K, capacity 35876K, committed 35888K, reserved 1081344K
  class space    used 3696K, capacity 3958K, committed 3968K, reserved 1048576K
}

Deoptimization events (10 events):
Event: 17.447 Thread 0x000002a7504c7000 Uncommon trap: reason=class_check action=maybe_recompile pc=0x000002a76057d504 method=java.util.Collections$UnmodifiableMap$UnmodifiableEntrySet$UnmodifiableEntry.getKey()Ljava/lang/Object; @ 4 c2
Event: 17.447 Thread 0x000002a7504c7000 Uncommon trap: reason=class_check action=maybe_recompile pc=0x000002a76057d204 method=java.util.Collections$UnmodifiableMap$UnmodifiableEntrySet$UnmodifiableEntry.getValue()Ljava/lang/Object; @ 4 c2
Event: 17.447 Thread 0x000002a7504c7000 Uncommon trap: reason=class_check action=maybe_recompile pc=0x000002a760573710 method=java.util.Collections$UnmodifiableMap$UnmodifiableEntrySet$1.hasNext()Z @ 4 c2
Event: 17.447 Thread 0x000002a7504c7000 Uncommon trap: reason=class_check action=maybe_recompile pc=0x000002a760573124 method=java.util.Collections$UnmodifiableMap$UnmodifiableEntrySet$1.next()Ljava/util/Map$Entry; @ 8 c2
Event: 17.447 Thread 0x000002a7504c7000 Uncommon trap: reason=class_check action=maybe_recompile pc=0x000002a76057d504 method=java.util.Collections$UnmodifiableMap$UnmodifiableEntrySet$UnmodifiableEntry.getKey()Ljava/lang/Object; @ 4 c2
Event: 17.448 Thread 0x000002a7504c7000 Uncommon trap: reason=class_check action=maybe_recompile pc=0x000002a76057d204 method=java.util.Collections$UnmodifiableMap$UnmodifiableEntrySet$UnmodifiableEntry.getValue()Ljava/lang/Object; @ 4 c2
Event: 17.449 Thread 0x000002a7504c7000 Uncommon trap: reason=unstable_if action=reinterpret pc=0x000002a76046e290 method=java.lang.AbstractStringBuilder.putStringAt(ILjava/lang/String;)V @ 8 c2
Event: 17.449 Thread 0x000002a7504c7000 Uncommon trap: reason=unstable_if action=reinterpret pc=0x000002a760479704 method=java.lang.StringBuilder.toString()Ljava/lang/String; @ 4 c2
Event: 17.451 Thread 0x000002a7504c7000 Uncommon trap: reason=unstable_if action=reinterpret pc=0x000002a7605a7c78 method=java.lang.String.substring(I)Ljava/lang/String; @ 43 c2
Event: 17.453 Thread 0x000002a7504c7000 Uncommon trap: reason=unstable_if action=reinterpret pc=0x000002a7604602fc method=java.lang.AbstractStringBuilder.putStringAt(ILjava/lang/String;)V @ 8 c2

Classes redefined (0 events):
No events

Internal exceptions (10 events):
Event: 15.289 Thread 0x000002a7504c7000 Exception <a 'java/lang/NoSuchMethodError'{0x00000000a4b829b0}: java.lang.invoke.Invokers$Holder.linkToTargetMethod(Ljava/lang/Object;Ljava/lang/Object;Ljava/lang/Object;Ljava/lang/Object;Ljava/lang/Object;Ljava/lang/Object;Ljava/lang/Object;)Ljava/lang/O
Event: 15.382 Thread 0x000002a7504c7000 Exception <a 'sun/nio/fs/WindowsException'{0x00000000a48e52d0}> (0x00000000a48e52d0) thrown at [./open/src/hotspot/share/prims/jni.cpp, line 611]
Event: 16.031 Thread 0x000002a7504c7000 Exception <a 'java/lang/NoSuchMethodError'{0x00000000a6c1e4a8}: org.apache.maven.execution.MavenExecutionRequest.getFailureBehavior()Ljava/lang/String;> (0x00000000a6c1e4a8) thrown at [./open/src/hotspot/share/interpreter/linkResolver.cpp, line 864]
Event: 16.032 Thread 0x000002a76fb96000 Exception <a 'java/lang/NoSuchMethodError'{0x00000000a6e488a0}: java.lang.invoke.DirectMethodHandle$Holder.invokeStaticInit(Ljava/lang/Object;Ljava/lang/Object;JLjava/lang/Object;)Ljava/lang/Object;> (0x00000000a6e488a0) thrown at [./open/src/hotspot/shar
Event: 16.034 Thread 0x000002a76fb96000 Exception <a 'java/lang/NoSuchMethodError'{0x00000000a6e549c0}: java.lang.invoke.Invokers$Holder.linkToTargetMethod(Ljava/lang/Object;JLjava/lang/Object;)Ljava/lang/Object;> (0x00000000a6e549c0) thrown at [./open/src/hotspot/share/interpreter/linkResolver
Event: 16.667 Thread 0x000002a7504c7000 Exception <a 'java/lang/NoSuchMethodError'{0x00000000a6b8e6e0}: java.lang.invoke.DirectMethodHandle$Holder.invokeStaticInit(Ljava/lang/Object;Ljava/lang/Object;IIII)Ljava/lang/Object;> (0x00000000a6b8e6e0) thrown at [./open/src/hotspot/share/interpreter/l
Event: 17.464 Thread 0x000002a7504c7000 Exception <a 'java/lang/NoSuchMethodError'{0x00000000a9102b00}: java.lang.invoke.DirectMethodHandle$Holder.invokeStatic(Ljava/lang/Object;J)V> (0x00000000a9102b00) thrown at [./open/src/hotspot/share/interpreter/linkResolver.cpp, line 772]
Event: 17.468 Thread 0x000002a7504c7000 Exception <a 'java/lang/NoSuchMethodError'{0x00000000a9107d10}: java.lang.invoke.DirectMethodHandle$Holder.invokeStatic(Ljava/lang/Object;J)Ljava/lang/Object;> (0x00000000a9107d10) thrown at [./open/src/hotspot/share/interpreter/linkResolver.cpp, line 772
Event: 17.469 Thread 0x000002a7504c7000 Exception <a 'java/lang/NoSuchMethodError'{0x00000000a910b038}: java.lang.invoke.DirectMethodHandle$Holder.invokeSpecial(Ljava/lang/Object;Ljava/lang/Object;J)Ljava/lang/Object;> (0x00000000a910b038) thrown at [./open/src/hotspot/share/interpreter/linkRes
Event: 17.469 Thread 0x000002a7504c7000 Exception <a 'java/lang/NoSuchMethodError'{0x00000000a910dda0}: java.lang.invoke.Invokers$Holder.linkToTargetMethod(JLjava/lang/Object;)Ljava/lang/Object;> (0x00000000a910dda0) thrown at [./open/src/hotspot/share/interpreter/linkResolver.cpp, line 772]

Events (10 events):
Event: 18.889 loading class org/apache/maven/surefire/shade/org/apache/commons/io/input/ClosedInputStream
Event: 18.889 loading class org/apache/maven/surefire/shade/org/apache/commons/io/input/ClosedInputStream done
Event: 18.890 loading class java/io/SequenceInputStream
Event: 18.890 loading class java/io/SequenceInputStream done
Event: 18.891 loading class org/apache/maven/plugin/surefire/report/TestSetStats
Event: 18.891 loading class org/apache/maven/plugin/surefire/report/TestSetStats done
Event: 18.891 loading class org/apache/maven/plugin/surefire/report/TestSetStats
Event: 18.891 loading class org/apache/maven/plugin/surefire/report/TestSetStats done
Event: 18.891 loading class org/apache/maven/plugin/surefire/report/TestSetStats
Event: 18.891 loading class org/apache/maven/plugin/surefire/report/TestSetStats done


Dynamic libraries:
0x00007ff6d7d50000 - 0x00007ff6d7d5f000 	C:\Program Files\Java\jdk-11.0.11\bin\java.exe
0x00007ffe23150000 - 0x00007ffe23345000 	C:\WINDOWS\SYSTEM32\ntdll.dll
0x00007ffe21c40000 - 0x00007ffe21cfd000 	C:\WINDOWS\System32\KERNEL32.DLL
0x00007ffe20a80000 - 0x00007ffe20d49000 	C:\WINDOWS\System32\KERNELBASE.dll
0x00007ffe20f70000 - 0x00007ffe21070000 	C:\WINDOWS\System32\ucrtbase.dll
0x00007ffe1b9d0000 - 0x00007ffe1b9e5000 	C:\Program Files\Java\jdk-11.0.11\bin\VCRUNTIME140.dll
0x00007ffe1b850000 - 0x00007ffe1b868000 	C:\Program Files\Java\jdk-11.0.11\bin\jli.dll
0x00007ffe225f0000 - 0x00007ffe2269c000 	C:\WINDOWS\System32\ADVAPI32.dll
0x00007ffe21fa0000 - 0x00007ffe2203e000 	C:\WINDOWS\System32\msvcrt.dll
0x00007ffe211c0000 - 0x00007ffe2125b000 	C:\WINDOWS\System32\sechost.dll
0x00007ffe224c0000 - 0x00007ffe225ea000 	C:\WINDOWS\System32\RPCRT4.dll
0x00007ffe21e00000 - 0x00007ffe21fa0000 	C:\WINDOWS\System32\USER32.dll
0x00007ffe0f320000 - 0x00007ffe0f5ba000 	C:\WINDOWS\WinSxS\amd64_microsoft.windows.common-controls_6595b64144ccf1df_6.0.19041.1110_none_60b5254171f9507e\COMCTL32.dll
0x00007ffe20d50000 - 0x00007ffe20d72000 	C:\WINDOWS\System32\win32u.dll
0x00007ffe227a0000 - 0x00007ffe227ca000 	C:\WINDOWS\System32\GDI32.dll
0x00007ffe20e60000 - 0x00007ffe20f6b000 	C:\WINDOWS\System32\gdi32full.dll
0x00007ffe21070000 - 0x00007ffe2110d000 	C:\WINDOWS\System32\msvcp_win.dll
0x00007ffe188a0000 - 0x00007ffe188aa000 	C:\WINDOWS\SYSTEM32\VERSION.dll
0x00007ffe226a0000 - 0x00007ffe226d0000 	C:\WINDOWS\System32\IMM32.DLL
0x00007ffe008d0000 - 0x00007ffe0096b000 	C:\Program Files\Java\jdk-11.0.11\bin\msvcp140.dll
0x00007ffdf65c0000 - 0x00007ffdf70be000 	C:\Program Files\Java\jdk-11.0.11\bin\server\jvm.dll
0x00007ffe23100000 - 0x00007ffe23108000 	C:\WINDOWS\System32\PSAPI.DLL
0x00007ffe17180000 - 0x00007ffe171a7000 	C:\WINDOWS\SYSTEM32\WINMM.dll
0x00007ffe067a0000 - 0x00007ffe067a9000 	C:\WINDOWS\SYSTEM32\WSOCK32.dll
0x00007ffe22730000 - 0x00007ffe2279b000 	C:\WINDOWS\System32\ws2_32.DLL
0x00007ffe1e7e0000 - 0x00007ffe1e7f2000 	C:\WINDOWS\SYSTEM32\kernel.appcore.dll
0x00007ffe1e080000 - 0x00007ffe1e090000 	C:\Program Files\Java\jdk-11.0.11\bin\verify.dll
0x00007ffe14140000 - 0x00007ffe14324000 	C:\WINDOWS\SYSTEM32\DBGHELP.DLL
0x00007ffe13f90000 - 0x00007ffe13fbc000 	C:\WINDOWS\SYSTEM32\dbgcore.DLL
0x00007ffe209f0000 - 0x00007ffe20a73000 	C:\WINDOWS\System32\bcryptPrimitives.dll
0x00007ffe131c0000 - 0x00007ffe131e8000 	C:\Program Files\Java\jdk-11.0.11\bin\java.dll
0x00007ffe1b9c0000 - 0x00007ffe1b9ca000 	C:\Program Files\Java\jdk-11.0.11\bin\jimage.dll
0x00007ffe1a940000 - 0x00007ffe1a956000 	C:\Program Files\Java\jdk-11.0.11\bin\zip.dll
0x00007ffe227d0000 - 0x00007ffe22f0f000 	C:\WINDOWS\System32\SHELL32.dll
0x00007ffe1e9e0000 - 0x00007ffe1f171000 	C:\WINDOWS\SYSTEM32\windows.storage.dll
0x00007ffe217b0000 - 0x00007ffe21b05000 	C:\WINDOWS\System32\combase.dll
0x00007ffe20230000 - 0x00007ffe2025c000 	C:\WINDOWS\SYSTEM32\Wldp.dll
0x00007ffe213c0000 - 0x00007ffe2146e000 	C:\WINDOWS\System32\SHCORE.dll
0x00007ffe21470000 - 0x00007ffe214c5000 	C:\WINDOWS\System32\shlwapi.dll
0x00007ffe207d0000 - 0x00007ffe207ef000 	C:\WINDOWS\SYSTEM32\profapi.dll
0x00007ffe19bc0000 - 0x00007ffe19bd9000 	C:\Program Files\Java\jdk-11.0.11\bin\net.dll
0x00007ffe185a0000 - 0x00007ffe186aa000 	C:\WINDOWS\SYSTEM32\WINHTTP.dll
0x00007ffe1ff90000 - 0x00007ffe1fffa000 	C:\WINDOWS\system32\mswsock.dll
0x00007ffe113b0000 - 0x00007ffe113c2000 	C:\Program Files\Java\jdk-11.0.11\bin\nio.dll
0x00007ffe1b940000 - 0x00007ffe1b94a000 	C:\apache-maven-3.6.3\lib\jansi-native\windows64\jansi.dll
0x00007ffe20170000 - 0x00007ffe20188000 	C:\WINDOWS\SYSTEM32\CRYPTSP.dll
0x00007ffe1f930000 - 0x00007ffe1f964000 	C:\WINDOWS\system32\rsaenh.dll
0x00007ffe20e30000 - 0x00007ffe20e57000 	C:\WINDOWS\System32\bcrypt.dll
0x00007ffe20750000 - 0x00007ffe2077e000 	C:\WINDOWS\SYSTEM32\USERENV.dll
0x00007ffe20190000 - 0x00007ffe2019c000 	C:\WINDOWS\SYSTEM32\CRYPTBASE.dll
0x00007ffe1fc80000 - 0x00007ffe1fcbb000 	C:\WINDOWS\SYSTEM32\IPHLPAPI.DLL
0x00007ffe224b0000 - 0x00007ffe224b8000 	C:\WINDOWS\System32\NSI.dll
0x00007ffe1a200000 - 0x00007ffe1a217000 	C:\WINDOWS\SYSTEM32\dhcpcsvc6.DLL
0x00007ffe1a7d0000 - 0x00007ffe1a7ed000 	C:\WINDOWS\SYSTEM32\dhcpcsvc.DLL
0x00007ffe1fcc0000 - 0x00007ffe1fd8c000 	C:\WINDOWS\SYSTEM32\DNSAPI.dll

dbghelp: loaded successfully - version: 4.0.5 - missing functions: none
symbol engine: initialized successfully - sym options: 0x614 - pdb path: .;C:\Program Files\Java\jdk-11.0.11\bin;C:\WINDOWS\SYSTEM32;C:\WINDOWS\WinSxS\amd64_microsoft.windows.common-controls_6595b64144ccf1df_6.0.19041.1110_none_60b5254171f9507e;C:\Program Files\Java\jdk-11.0.11\bin\server;C:\apache-maven-3.6.3\lib\jansi-native\windows64

VM Arguments:
jvm_args: -Dclassworlds.conf=C:\apache-maven-3.6.3\bin\..\bin\m2.conf -Dmaven.home=C:\apache-maven-3.6.3\bin\.. -Dlibrary.jansi.path=C:\apache-maven-3.6.3\bin\..\lib\jansi-native -Dmaven.multiModuleProjectDirectory=C:\Users\websafari\epam_projects\mobileTaTrainingV2 
java_command: org.codehaus.plexus.classworlds.launcher.Launcher clean test -Pnative
java_class_path (initial): C:\apache-maven-3.6.3\bin\..\boot\plexus-classworlds-2.6.0.jar
Launcher Type: SUN_STANDARD

[Global flags]
     intx CICompilerCount                          = 3                                         {product} {ergonomic}
     uint ConcGCThreads                            = 1                                         {product} {ergonomic}
     uint G1ConcRefinementThreads                  = 4                                         {product} {ergonomic}
   size_t G1HeapRegionSize                         = 1048576                                   {product} {ergonomic}
    uintx GCDrainStackTargetSize                   = 64                                        {product} {ergonomic}
   size_t InitialHeapSize                          = 100663296                                 {product} {ergonomic}
   size_t MarkStackSize                            = 4194304                                   {product} {ergonomic}
   size_t MaxHeapSize                              = 1610612736                                {product} {ergonomic}
   size_t MaxNewSize                               = 965738496                                 {product} {ergonomic}
   size_t MinHeapDeltaBytes                        = 1048576                                   {product} {ergonomic}
    uintx NonNMethodCodeHeapSize                   = 5830732                                {pd product} {ergonomic}
    uintx NonProfiledCodeHeapSize                  = 122913754                              {pd product} {ergonomic}
    uintx ProfiledCodeHeapSize                     = 122913754                              {pd product} {ergonomic}
    uintx ReservedCodeCacheSize                    = 251658240                              {pd product} {ergonomic}
     bool SegmentedCodeCache                       = true                                      {product} {ergonomic}
     bool UseCompressedClassPointers               = true                                 {lp64_product} {ergonomic}
     bool UseCompressedOops                        = true                                 {lp64_product} {ergonomic}
     bool UseG1GC                                  = true                                      {product} {ergonomic}
     bool UseLargePagesIndividualAllocation        = false                                  {pd product} {ergonomic}

Logging:
Log output configuration:
 #0: stdout all=warning uptime,level,tags
 #1: stderr all=off uptime,level,tags

Environment Variables:
JAVA_HOME=C:\Program Files\Java\jdk-11.0.11
PATH=C:\Python39\Scripts\;C:\Python39\;C:\Program Files\Java\jdk-11.0.11\bin;C:\Program Files\Common Files\Oracle\Java\javapath;C:\Program Files (x86)\Common Files\Oracle\Java\javapath;C:\WINDOWS\system32;C:\WINDOWS;C:\WINDOWS\System32\Wbem;C:\WINDOWS\System32\WindowsPowerShell\v1.0\;C:\WINDOWS\System32\OpenSSH\;%M2_HOME%\bin;C:\apache-maven-3.6.3\bin;C:\Program Files\Git\cmd;C:\Program Files\PostgreSQL\13\bin;C:\Users\websafari\AppData\Local\Android\Sdk\tools;C:\Users\websafari\AppData\Local\Android\Sdk\platform-tools;C:\Program Files\nodejs\;C:\ProgramData\chocolatey\bin;C:\Users\websafari\AppData\Local\Microsoft\WindowsApps;C:\Program Files\heroku\bin;C:\Users\websafari\AppData\Roaming\npm
USERNAME=websafari
OS=Windows_NT
PROCESSOR_IDENTIFIER=Intel64 Family 6 Model 15 Stepping 11, GenuineIntel



---------------  S Y S T E M  ---------------

OS: Windows 10 , 64 bit Build 19041 (10.0.19041.1023)

CPU:total 4 (initial active 4) (4 cores per cpu, 1 threads per core) family 6 model 15 stepping 11 microcode 0xba, cmov, cx8, fxsr, mmx, sse, sse2, sse3, ssse3, tsc

Memory: 4k page, system-wide physical 6143M (311M free)
TotalPageFile size 21335M (AvailPageFile size 2M)
current process WorkingSet (physical memory assigned to process): 218M, peak: 221M
current process commit charge ("private bytes"): 293M, peak: 299M

vm_info: Java HotSpot(TM) 64-Bit Server VM (11.0.11+9-LTS-194) for windows-amd64 JRE (11.0.11+9-LTS-194), built on Mar 18 2021 18:46:53 by "mach5one" with MS VC++ 15.9 (VS2017)

END.
